<?xml version="1.0" encoding="UTF-8"?>
<!-- Generated by org.testng.reporters.JUnitXMLReporter -->
<testsuite hostname="LAPTOP-UEBJNDF4" ignored="0" name="Test" tests="5" failures="4" timestamp="2020-05-10T23:59:26 IST" time="59.04" errors="0">
  <testcase name="UrlTesting" time="12.263" classname="com.selenium.tests.ValidDetails"/>
  <testcase name="testValidDetails" time="0.006" classname="com.selenium.tests.ValidDetails">
    <failure type="java.lang.Error" message="Unresolved compilation problems: 
	enterDetails cannot be resolved
	enterDetails cannot be resolved
">
      <![CDATA[java.lang.Error: Unresolved compilation problems: 
enterDetails cannot be resolved
enterDetails cannot be resolved

at com.selenium.tests.ValidDetails.testValidDetails(ValidDetails.java:41)
at java.util.ArrayList.forEach(Unknown Source)
... Removed 27 stack frames]]>
    </failure>
  </testcase> <!-- testValidDetails -->
  <testcase name="testCondition" time="0.003" classname="com.selenium.tests.ValidDetails">
    <failure type="java.lang.Error" message="Unresolved compilation problem: 
	enterDetails cannot be resolved
">
      <![CDATA[java.lang.Error: Unresolved compilation problem: 
enterDetails cannot be resolved

at com.selenium.tests.ValidDetails.testCondition(ValidDetails.java:47)
at java.util.ArrayList.forEach(Unknown Source)
... Removed 27 stack frames]]>
    </failure>
  </testcase> <!-- testCondition -->
  <testcase name="testFilterButton" time="0.003" classname="com.selenium.tests.ValidDetails">
    <failure type="java.lang.Error" message="Unresolved compilation problem: 
	enterDetails cannot be resolved
">
      <![CDATA[java.lang.Error: Unresolved compilation problem: 
enterDetails cannot be resolved

at com.selenium.tests.ValidDetails.testFilterButton(ValidDetails.java:52)
at java.util.ArrayList.forEach(Unknown Source)
... Removed 27 stack frames]]>
    </failure>
  </testcase> <!-- testFilterButton -->
  <testcase name="testFilter" time="0.003" classname="com.selenium.tests.ValidDetails">
    <failure type="java.lang.Error" message="Unresolved compilation problem: 
	enterDetails cannot be resolved
">
      <![CDATA[java.lang.Error: Unresolved compilation problem: 
enterDetails cannot be resolved

at com.selenium.tests.ValidDetails.testFilter(ValidDetails.java:57)
at java.util.ArrayList.forEach(Unknown Source)
... Removed 27 stack frames]]>
    </failure>
  </testcase> <!-- testFilter -->
</testsuite> <!-- Test -->
