<html>
<head>
<title>TestNG:  ChromeTest</title>
<link href="../testng.css" rel="stylesheet" type="text/css" />
<link href="../my-testng.css" rel="stylesheet" type="text/css" />

<style type="text/css">
.log { display: none;} 
.stack-trace { display: none;} 
</style>
<script type="text/javascript">
<!--
function flip(e) {
  current = e.style.display;
  if (current == 'block') {
    e.style.display = 'none';
    return 0;
  }
  else {
    e.style.display = 'block';
    return 1;
  }
}

function toggleBox(szDivId, elem, msg1, msg2)
{
  var res = -1;  if (document.getElementById) {
    res = flip(document.getElementById(szDivId));
  }
  else if (document.all) {
    // this is the way old msie versions work
    res = flip(document.all[szDivId]);
  }
  if(elem) {
    if(res == 0) elem.innerHTML = msg1; else elem.innerHTML = msg2;
  }

}

function toggleAllBoxes() {
  if (document.getElementsByTagName) {
    d = document.getElementsByTagName('div');
    for (i = 0; i < d.length; i++) {
      if (d[i].className == 'log') {
        flip(d[i]);
      }
    }
  }
}

// -->
</script>

</head>
<body>
<h2 align='center'>ChromeTest</h2><table border='1' align="center">
<tr>
<td>Tests passed/Failed/Skipped:</td><td>22/1/0</td>
</tr><tr>
<td>Started on:</td><td>Sat Jun 20 13:39:41 IST 2020</td>
</tr>
<tr><td>Total time:</td><td>167 seconds (167166 ms)</td>
</tr><tr>
<td>Included groups:</td><td></td>
</tr><tr>
<td>Excluded groups:</td><td></td>
</tr>
</table><p/>
<small><i>(Hover the method name to see the test class name)</i></small><p/>
<table width='100%' border='1' class='invocation-failed'>
<tr><td colspan='4' align='center'><b>FAILED TESTS</b></td></tr>
<tr><td><b>Test method</b></td>
<td width="30%"><b>Exception</b></td>
<td width="10%"><b>Time (seconds)</b></td>
<td><b>Instance</b></td>
</tr>
<tr>
<td title='com.selenium.tests.TestBase.displayErrorInvalidName()'><b>displayErrorInvalidName</b><br>Test class: com.selenium.tests.TestBase</td>
<td><div><pre>java.lang.AssertionError: Invalid Name test case Passed expected [Please Enter Name] but found [Thanks, for showing We have received your request, our team will contact you shortly.]
	at com.selenium.tests.TestBase.displayErrorInvalidName(TestBase.java:268)
	at java.base/java.util.ArrayList.forEach(ArrayList.java:1507)
	at java.base/java.util.concurrent.FutureTask.run(FutureTask.java:264)
	at java.base/java.util.concurrent.ThreadPoolExecutor.runWorker(ThreadPoolExecutor.java:1128)
	at java.base/java.util.concurrent.ThreadPoolExecutor$Worker.run(ThreadPoolExecutor.java:628)
	at java.base/java.lang.Thread.run(Thread.java:830)
... Removed 22 stack frames</pre></div><a href='#' onClick='toggleBox("stack-trace1949585168", this, "Click to show all stack frames", "Click to hide stack frames")'>Click to show all stack frames</a>
<div class='stack-trace' id='stack-trace1949585168'><pre>java.lang.AssertionError: Invalid Name test case Passed expected [Please Enter Name] but found [Thanks, for showing We have received your request, our team will contact you shortly.]
	at org.testng.Assert.fail(Assert.java:97)
	at org.testng.Assert.assertEqualsImpl(Assert.java:136)
	at org.testng.Assert.assertEquals(Assert.java:118)
	at org.testng.Assert.assertEquals(Assert.java:575)
	at com.selenium.tests.TestBase.displayErrorInvalidName(TestBase.java:268)
	at java.base/jdk.internal.reflect.NativeMethodAccessorImpl.invoke0(Native Method)
	at java.base/jdk.internal.reflect.NativeMethodAccessorImpl.invoke(NativeMethodAccessorImpl.java:62)
	at java.base/jdk.internal.reflect.DelegatingMethodAccessorImpl.invoke(DelegatingMethodAccessorImpl.java:43)
	at java.base/java.lang.reflect.Method.invoke(Method.java:567)
	at org.testng.internal.MethodInvocationHelper.invokeMethod(MethodInvocationHelper.java:135)
	at org.testng.internal.TestInvoker.invokeMethod(TestInvoker.java:598)
	at org.testng.internal.TestInvoker.invokeTestMethod(TestInvoker.java:174)
	at org.testng.internal.MethodRunner.runInSequence(MethodRunner.java:46)
	at org.testng.internal.TestInvoker$MethodInvocationAgent.invoke(TestInvoker.java:821)
	at org.testng.internal.TestInvoker.invokeTestMethods(TestInvoker.java:147)
	at org.testng.internal.TestMethodWorker.invokeTestMethods(TestMethodWorker.java:146)
	at org.testng.internal.TestMethodWorker.run(TestMethodWorker.java:128)
	at java.base/java.util.ArrayList.forEach(ArrayList.java:1507)
	at org.testng.TestRunner.privateRun(TestRunner.java:767)
	at org.testng.TestRunner.run(TestRunner.java:588)
	at org.testng.SuiteRunner.runTest(SuiteRunner.java:384)
	at org.testng.SuiteRunner.access$000(SuiteRunner.java:28)
	at org.testng.SuiteRunner$SuiteWorker.run(SuiteRunner.java:425)
	at org.testng.internal.thread.ThreadUtil.lambda$execute$0(ThreadUtil.java:68)
	at java.base/java.util.concurrent.FutureTask.run(FutureTask.java:264)
	at java.base/java.util.concurrent.ThreadPoolExecutor.runWorker(ThreadPoolExecutor.java:1128)
	at java.base/java.util.concurrent.ThreadPoolExecutor$Worker.run(ThreadPoolExecutor.java:628)
	at java.base/java.lang.Thread.run(Thread.java:830)
</pre></div></td>
<td>1</td>
<td>com.selenium.tests.TestBase@59d016c9</td></tr>
</table><p>
<table width='100%' border='1' class='invocation-passed'>
<tr><td colspan='4' align='center'><b>PASSED TESTS</b></td></tr>
<tr><td><b>Test method</b></td>
<td width="30%"><b>Exception</b></td>
<td width="10%"><b>Time (seconds)</b></td>
<td><b>Instance</b></td>
</tr>
<tr>
<td title='com.selenium.tests.TestBase.UrlTesting()'><b>UrlTesting</b><br>Test class: com.selenium.tests.TestBase</td>
<td></td>
<td>6</td>
<td>com.selenium.tests.TestBase@59d016c9</td></tr>
<tr>
<td title='com.selenium.tests.TestBase.inValidName()'><b>inValidName</b><br>Test class: com.selenium.tests.TestBase</td>
<td></td>
<td>0</td>
<td>com.selenium.tests.TestBase@59d016c9</td></tr>
<tr>
<td title='com.selenium.tests.TestBase.invalidDetails1()'><b>invalidDetails1</b><br>Test class: com.selenium.tests.TestBase</td>
<td></td>
<td>0</td>
<td>com.selenium.tests.TestBase@59d016c9</td></tr>
<tr>
<td title='com.selenium.tests.TestBase.invalidDetails2()'><b>invalidDetails2</b><br>Test class: com.selenium.tests.TestBase</td>
<td></td>
<td>0</td>
<td>com.selenium.tests.TestBase@59d016c9</td></tr>
<tr>
<td title='com.selenium.tests.TestBase.invalidDetails3()'><b>invalidDetails3</b><br>Test class: com.selenium.tests.TestBase</td>
<td></td>
<td>0</td>
<td>com.selenium.tests.TestBase@59d016c9</td></tr>
<tr>
<td title='com.selenium.tests.TestBase.invalidDetails4()'><b>invalidDetails4</b><br>Test class: com.selenium.tests.TestBase</td>
<td></td>
<td>0</td>
<td>com.selenium.tests.TestBase@59d016c9</td></tr>
<tr>
<td title='com.selenium.tests.TestBase.testCondition()'><b>testCondition</b><br>Test class: com.selenium.tests.TestBase</td>
<td></td>
<td>4</td>
<td>com.selenium.tests.TestBase@59d016c9</td></tr>
<tr>
<td title='com.selenium.tests.TestBase.testDiagnosticspage()'><b>testDiagnosticspage</b><br>Test class: com.selenium.tests.TestBase</td>
<td></td>
<td>29</td>
<td>com.selenium.tests.TestBase@59d016c9</td></tr>
<tr>
<td title='com.selenium.tests.TestBase.testDisplayError1()'><b>testDisplayError1</b><br>Test class: com.selenium.tests.TestBase</td>
<td></td>
<td>0</td>
<td>com.selenium.tests.TestBase@59d016c9</td></tr>
<tr>
<td title='com.selenium.tests.TestBase.testDisplayError2()'><b>testDisplayError2</b><br>Test class: com.selenium.tests.TestBase</td>
<td></td>
<td>0</td>
<td>com.selenium.tests.TestBase@59d016c9</td></tr>
<tr>
<td title='com.selenium.tests.TestBase.testDisplayError3()'><b>testDisplayError3</b><br>Test class: com.selenium.tests.TestBase</td>
<td></td>
<td>0</td>
<td>com.selenium.tests.TestBase@59d016c9</td></tr>
<tr>
<td title='com.selenium.tests.TestBase.testDisplayError4()'><b>testDisplayError4</b><br>Test class: com.selenium.tests.TestBase</td>
<td></td>
<td>0</td>
<td>com.selenium.tests.TestBase@59d016c9</td></tr>
<tr>
<td title='com.selenium.tests.TestBase.testDisplaySuccessMessage()'><b>testDisplaySuccessMessage</b><br>Test class: com.selenium.tests.TestBase</td>
<td></td>
<td>1</td>
<td>com.selenium.tests.TestBase@59d016c9</td></tr>
<tr>
<td title='com.selenium.tests.TestBase.testDisplayTopCities()'><b>testDisplayTopCities</b><br>Test class: com.selenium.tests.TestBase</td>
<td></td>
<td>0</td>
<td>com.selenium.tests.TestBase@59d016c9</td></tr>
<tr>
<td title='com.selenium.tests.TestBase.testFilter()'><b>testFilter</b><br>Test class: com.selenium.tests.TestBase</td>
<td></td>
<td>3</td>
<td>com.selenium.tests.TestBase@59d016c9</td></tr>
<tr>
<td title='com.selenium.tests.TestBase.testFilterButton()'><b>testFilterButton</b><br>Test class: com.selenium.tests.TestBase</td>
<td></td>
<td>4</td>
<td>com.selenium.tests.TestBase@59d016c9</td></tr>
<tr>
<td title='com.selenium.tests.TestBase.testGetTopCities()'><b>testGetTopCities</b><br>Test class: com.selenium.tests.TestBase</td>
<td></td>
<td>0</td>
<td>com.selenium.tests.TestBase@59d016c9</td></tr>
<tr>
<td title='com.selenium.tests.TestBase.testHospsWithRatings()'><b>testHospsWithRatings</b><br>Test class: com.selenium.tests.TestBase</td>
<td></td>
<td>10</td>
<td>com.selenium.tests.TestBase@59d016c9</td></tr>
<tr>
<td title='com.selenium.tests.TestBase.testScroll()'><b>testScroll</b><br>Test class: com.selenium.tests.TestBase</td>
<td></td>
<td>45</td>
<td>com.selenium.tests.TestBase@59d016c9</td></tr>
<tr>
<td title='com.selenium.tests.TestBase.testValidDetails()'><b>testValidDetails</b><br>Test class: com.selenium.tests.TestBase</td>
<td></td>
<td>19</td>
<td>com.selenium.tests.TestBase@59d016c9</td></tr>
<tr>
<td title='com.selenium.tests.TestBase.testcWellnessPage()'><b>testcWellnessPage</b><br>Test class: com.selenium.tests.TestBase</td>
<td></td>
<td>23</td>
<td>com.selenium.tests.TestBase@59d016c9</td></tr>
<tr>
<td title='com.selenium.tests.TestBase.validDetailsCorporateWellness()'><b>validDetailsCorporateWellness</b><br>Test class: com.selenium.tests.TestBase</td>
<td></td>
<td>0</td>
<td>com.selenium.tests.TestBase@59d016c9</td></tr>
</table><p>
</body>
</html>