<?xml version="1.0" encoding="UTF-8"?>
<!-- Generated by org.testng.reporters.JUnitXMLReporter -->
<testsuite ignored="0" hostname="DESKTOP-075QGOI" failures="1" tests="23" name="ChromeTest" time="167.166" errors="0" timestamp="2020-06-20T13:42:28 IST">
  <testcase classname="com.selenium.tests.TestBase" name="UrlTesting" time="6.437"/>
  <testcase classname="com.selenium.tests.TestBase" name="testValidDetails" time="19.36"/>
  <testcase classname="com.selenium.tests.TestBase" name="testCondition" time="4.598"/>
  <testcase classname="com.selenium.tests.TestBase" name="testFilterButton" time="4.134"/>
  <testcase classname="com.selenium.tests.TestBase" name="testFilter" time="3.142"/>
  <testcase classname="com.selenium.tests.TestBase" name="testScroll" time="45.41"/>
  <testcase classname="com.selenium.tests.TestBase" name="testHospsWithRatings" time="10.847"/>
  <testcase classname="com.selenium.tests.TestBase" name="testDiagnosticspage" time="29.068"/>
  <testcase classname="com.selenium.tests.TestBase" name="testGetTopCities" time="0.61"/>
  <testcase classname="com.selenium.tests.TestBase" name="testDisplayTopCities" time="0.002"/>
  <testcase classname="com.selenium.tests.TestBase" name="testcWellnessPage" time="23.846"/>
  <testcase classname="com.selenium.tests.TestBase" name="invalidDetails1" time="0.123"/>
  <testcase classname="com.selenium.tests.TestBase" name="testDisplayError1" time="0.217"/>
  <testcase classname="com.selenium.tests.TestBase" name="invalidDetails2" time="0.472"/>
  <testcase classname="com.selenium.tests.TestBase" name="testDisplayError2" time="0.065"/>
  <testcase classname="com.selenium.tests.TestBase" name="invalidDetails3" time="0.465"/>
  <testcase classname="com.selenium.tests.TestBase" name="testDisplayError3" time="0.074"/>
  <testcase classname="com.selenium.tests.TestBase" name="invalidDetails4" time="0.685"/>
  <testcase classname="com.selenium.tests.TestBase" name="testDisplayError4" time="0.073"/>
  <testcase classname="com.selenium.tests.TestBase" name="validDetailsCorporateWellness" time="0.799"/>
  <testcase classname="com.selenium.tests.TestBase" name="testDisplaySuccessMessage" time="1.086"/>
  <testcase classname="com.selenium.tests.TestBase" name="inValidName" time="0.832"/>
  <testcase classname="com.selenium.tests.TestBase" name="displayErrorInvalidName" time="1.066">
    <failure type="java.lang.AssertionError" message="Invalid Name test case Passed expected [Please Enter Name] but found [Thanks, for showing We have received your request, our team will contact you shortly.]">
      <![CDATA[java.lang.AssertionError: Invalid Name test case Passed expected [Please Enter Name] but found [Thanks, for showing We have received your request, our team will contact you shortly.]
at com.selenium.tests.TestBase.displayErrorInvalidName(TestBase.java:268)
at java.base/java.util.ArrayList.forEach(ArrayList.java:1507)
at java.base/java.util.concurrent.FutureTask.run(FutureTask.java:264)
at java.base/java.util.concurrent.ThreadPoolExecutor.runWorker(ThreadPoolExecutor.java:1128)
at java.base/java.util.concurrent.ThreadPoolExecutor$Worker.run(ThreadPoolExecutor.java:628)
at java.base/java.lang.Thread.run(Thread.java:830)
... Removed 22 stack frames]]>
    </failure>
  </testcase> <!-- displayErrorInvalidName -->
</testsuite> <!-- ChromeTest -->
