<?xml version="1.0" encoding="UTF-8"?>
<!-- Generated by org.testng.reporters.JUnitXMLReporter -->
<testsuite ignored="0" hostname="DESKTOP-075QGOI" failures="1" tests="24" name="EdgeTest" time="172.348" errors="0" timestamp="2020-06-21T12:00:55 IST">
  <testcase classname="com.selenium.tests.TestBase" name="UrlTesting" time="10.487"/>
  <testcase classname="com.selenium.tests.TestBase" name="testValidDetails" time="17.222"/>
  <testcase classname="com.selenium.tests.TestBase" name="testCondition" time="3.154"/>
  <testcase classname="com.selenium.tests.TestBase" name="testFilterButton" time="4.125"/>
  <testcase classname="com.selenium.tests.TestBase" name="testFilter" time="3.115"/>
  <testcase classname="com.selenium.tests.TestBase" name="testScroll" time="45.742"/>
  <testcase classname="com.selenium.tests.TestBase" name="testHospsWithRatings" time="10.055"/>
  <testcase classname="com.selenium.tests.TestBase" name="testDiagnosticspage" time="32.769"/>
  <testcase classname="com.selenium.tests.TestBase" name="testGetTopCities" time="0.524"/>
  <testcase classname="com.selenium.tests.TestBase" name="testDisplayTopCities" time="0.001"/>
  <testcase classname="com.selenium.tests.TestBase" name="testcWellnessPage" time="25.498"/>
  <testcase classname="com.selenium.tests.TestBase" name="invalidDetails1" time="0.054"/>
  <testcase classname="com.selenium.tests.TestBase" name="testDisplayError1" time="0.153"/>
  <testcase classname="com.selenium.tests.TestBase" name="invalidDetails2" time="0.405"/>
  <testcase classname="com.selenium.tests.TestBase" name="testDisplayError2" time="0.085"/>
  <testcase classname="com.selenium.tests.TestBase" name="invalidDetails3" time="0.412"/>
  <testcase classname="com.selenium.tests.TestBase" name="testDisplayError3" time="0.078"/>
  <testcase classname="com.selenium.tests.TestBase" name="invalidDetails4" time="0.645"/>
  <testcase classname="com.selenium.tests.TestBase" name="testDisplayError4" time="0.074"/>
  <testcase classname="com.selenium.tests.TestBase" name="validDetailsCorporateWellness" time="0.723"/>
  <testcase classname="com.selenium.tests.TestBase" name="testDisplaySuccessMessage" time="1.073"/>
  <testcase classname="com.selenium.tests.TestBase" name="inValidName" time="0.829"/>
  <testcase classname="com.selenium.tests.TestBase" name="displayErrorInvalidName" time="1.076">
    <failure type="java.lang.AssertionError" message="Invalid Name test case Passed expected [Please Enter Name] but found [Thanks, for showing We have received your request, our team will contact you shortly.]">
      <![CDATA[java.lang.AssertionError: Invalid Name test case Passed expected [Please Enter Name] but found [Thanks, for showing We have received your request, our team will contact you shortly.]
at com.selenium.tests.TestBase.displayErrorInvalidName(TestBase.java:266)
at java.base/java.util.ArrayList.forEach(ArrayList.java:1507)
at java.base/java.util.concurrent.FutureTask.run(FutureTask.java:264)
at java.base/java.util.concurrent.ThreadPoolExecutor.runWorker(ThreadPoolExecutor.java:1128)
at java.base/java.util.concurrent.ThreadPoolExecutor$Worker.run(ThreadPoolExecutor.java:628)
at java.base/java.lang.Thread.run(Thread.java:830)
... Removed 22 stack frames]]>
    </failure>
  </testcase> <!-- displayErrorInvalidName -->
  <testcase classname="com.selenium.tests.TestBase" name="testWriteExcelData" time="0.337"/>
</testsuite> <!-- EdgeTest -->
