<?xml version="1.0" encoding="UTF-8"?>
<!-- Generated by org.testng.reporters.JUnitXMLReporter -->
<testsuite ignored="0" hostname="DESKTOP-075QGOI" failures="1" tests="23" name="FirefoxTest" time="236.72" errors="0" timestamp="2020-06-20T13:46:41 IST">
  <testcase classname="com.selenium.tests.TestBase" name="UrlTesting" time="15.103"/>
  <testcase classname="com.selenium.tests.TestBase" name="testValidDetails" time="31.516"/>
  <testcase classname="com.selenium.tests.TestBase" name="testCondition" time="3.543"/>
  <testcase classname="com.selenium.tests.TestBase" name="testFilterButton" time="3.912"/>
  <testcase classname="com.selenium.tests.TestBase" name="testFilter" time="3.366"/>
  <testcase classname="com.selenium.tests.TestBase" name="testScroll" time="42.712"/>
  <testcase classname="com.selenium.tests.TestBase" name="testHospsWithRatings" time="7.173"/>
  <testcase classname="com.selenium.tests.TestBase" name="testDiagnosticspage" time="33.552"/>
  <testcase classname="com.selenium.tests.TestBase" name="testGetTopCities" time="0.461"/>
  <testcase classname="com.selenium.tests.TestBase" name="testDisplayTopCities" time="0.001"/>
  <testcase classname="com.selenium.tests.TestBase" name="testcWellnessPage" time="60.193"/>
  <testcase classname="com.selenium.tests.TestBase" name="invalidDetails1" time="0.062"/>
  <testcase classname="com.selenium.tests.TestBase" name="testDisplayError1" time="0.546"/>
  <testcase classname="com.selenium.tests.TestBase" name="invalidDetails2" time="0.191"/>
  <testcase classname="com.selenium.tests.TestBase" name="testDisplayError2" time="0.114"/>
  <testcase classname="com.selenium.tests.TestBase" name="invalidDetails3" time="0.23"/>
  <testcase classname="com.selenium.tests.TestBase" name="testDisplayError3" time="0.062"/>
  <testcase classname="com.selenium.tests.TestBase" name="invalidDetails4" time="0.27"/>
  <testcase classname="com.selenium.tests.TestBase" name="testDisplayError4" time="0.07"/>
  <testcase classname="com.selenium.tests.TestBase" name="validDetailsCorporateWellness" time="0.292"/>
  <testcase classname="com.selenium.tests.TestBase" name="testDisplaySuccessMessage" time="1.168"/>
  <testcase classname="com.selenium.tests.TestBase" name="inValidName" time="0.373"/>
  <testcase classname="com.selenium.tests.TestBase" name="displayErrorInvalidName" time="1.261">
    <failure type="java.lang.AssertionError" message="Invalid Name test case Passed expected [Please Enter Name] but found [Thanks, for showing We have received your request, our team will contact you shortly.]">
      <![CDATA[java.lang.AssertionError: Invalid Name test case Passed expected [Please Enter Name] but found [Thanks, for showing We have received your request, our team will contact you shortly.]
at com.selenium.tests.TestBase.displayErrorInvalidName(TestBase.java:268)
at java.base/java.util.ArrayList.forEach(ArrayList.java:1507)
at java.base/java.util.concurrent.FutureTask.run(FutureTask.java:264)
at java.base/java.util.concurrent.ThreadPoolExecutor.runWorker(ThreadPoolExecutor.java:1128)
at java.base/java.util.concurrent.ThreadPoolExecutor$Worker.run(ThreadPoolExecutor.java:628)
at java.base/java.lang.Thread.run(Thread.java:830)
... Removed 22 stack frames]]>
    </failure>
  </testcase> <!-- displayErrorInvalidName -->
</testsuite> <!-- FirefoxTest -->
