<?xml version="1.0" encoding="UTF-8"?>
<!-- Generated by org.testng.reporters.JUnitXMLReporter -->
<testsuite hostname="LAPTOP-UEBJNDF4" ignored="0" name="InternetExplorerTest(failed)" tests="5" failures="1" timestamp="2020-05-11T22:27:24 IST" time="58.24" errors="0">
  <testcase name="UrlTesting" time="12.204" classname="com.selenium.tests.ValidDetails"/>
  <testcase name="testValidDetails" time="12.216" classname="com.selenium.tests.ValidDetails"/>
  <testcase name="testCondition" time="2.851" classname="com.selenium.tests.ValidDetails"/>
  <testcase name="testFilterButton" time="3.033" classname="com.selenium.tests.ValidDetails"/>
  <testcase name="testFilter" time="5.507" classname="com.selenium.tests.ValidDetails">
    <failure type="org.openqa.selenium.TimeoutException" message="Supplied function might have stalled
Build info: version: &amp;apos;4.0.0-alpha-5&amp;apos;, revision: &amp;apos;b3a0d621cc&amp;apos;
System info: host: &amp;apos;LAPTOP-UEBJNDF4&amp;apos;, ip: &amp;apos;192.168.1.3&amp;apos;, os.name: &amp;apos;Windows 10&amp;apos;, os.arch: &amp;apos;amd64&amp;apos;, os.version: &amp;apos;10.0&amp;apos;, java.version: &amp;apos;1.8.0_241&amp;apos;
Driver info: driver.version: unknown">
      <![CDATA[org.openqa.selenium.TimeoutException: Supplied function might have stalled
Build info: version: '4.0.0-alpha-5', revision: 'b3a0d621cc'
System info: host: 'LAPTOP-UEBJNDF4', ip: '192.168.1.3', os.name: 'Windows 10', os.arch: 'amd64', os.version: '10.0', java.version: '1.8.0_241'
Driver info: driver.version: unknown
at org.openqa.selenium.support.ui.FluentWait.until(FluentWait.java:221)
at com.selenium.docs.EnterDetails.setParking(EnterDetails.java:61)
at com.selenium.tests.ValidDetails.testFilter(ValidDetails.java:77)
at java.util.ArrayList.forEach(Unknown Source)
Caused by: java.util.concurrent.TimeoutException
at java.util.concurrent.CompletableFuture.timedGet(Unknown Source)
at java.util.concurrent.CompletableFuture.get(Unknown Source)
at org.openqa.selenium.support.ui.FluentWait.until(FluentWait.java:209)
... 30 more
... Removed 27 stack frames]]>
    </failure>
  </testcase> <!-- testFilter -->
</testsuite> <!-- InternetExplorerTest(failed) -->
