<?xml version="1.0" encoding="UTF-8"?>
<!-- Generated by org.testng.reporters.JUnitReportReporter -->
<testsuite hostname="DESKTOP-075QGOI" failures="3" tests="72" name="com.selenium.tests.TestBase" time="487.837" errors="0" timestamp="2020-06-21T12:04:02 IST" skipped="0">
  <testcase classname="com.selenium.tests.TestBase" name="UrlTesting" time="15.828"/>
  <system-out/>
  <testcase classname="com.selenium.tests.TestBase" name="UrlTesting" time="10.488"/>
  <system-out/>
  <testcase classname="com.selenium.tests.TestBase" name="UrlTesting" time="6.986"/>
  <system-out/>
  <testcase classname="com.selenium.tests.TestBase" name="testValidDetails" time="24.985"/>
  <system-out/>
  <testcase classname="com.selenium.tests.TestBase" name="testValidDetails" time="25.920"/>
  <system-out/>
  <testcase classname="com.selenium.tests.TestBase" name="testValidDetails" time="17.225"/>
  <system-out/>
  <testcase classname="com.selenium.tests.TestBase" name="testCondition" time="3.155"/>
  <system-out/>
  <testcase classname="com.selenium.tests.TestBase" name="testCondition" time="3.581"/>
  <system-out/>
  <testcase classname="com.selenium.tests.TestBase" name="testCondition" time="3.191"/>
  <system-out/>
  <testcase classname="com.selenium.tests.TestBase" name="testFilterButton" time="4.081"/>
  <system-out/>
  <testcase classname="com.selenium.tests.TestBase" name="testFilterButton" time="4.126"/>
  <system-out/>
  <testcase classname="com.selenium.tests.TestBase" name="testFilterButton" time="3.775"/>
  <system-out/>
  <testcase classname="com.selenium.tests.TestBase" name="testFilter" time="3.263"/>
  <system-out/>
  <testcase classname="com.selenium.tests.TestBase" name="testFilter" time="3.116"/>
  <system-out/>
  <testcase classname="com.selenium.tests.TestBase" name="testFilter" time="3.132"/>
  <system-out/>
  <testcase classname="com.selenium.tests.TestBase" name="testScroll" time="42.793"/>
  <system-out/>
  <testcase classname="com.selenium.tests.TestBase" name="testScroll" time="45.744"/>
  <system-out/>
  <testcase classname="com.selenium.tests.TestBase" name="testScroll" time="47.813"/>
  <system-out/>
  <testcase classname="com.selenium.tests.TestBase" name="testHospsWithRatings" time="10.901"/>
  <system-out/>
  <testcase classname="com.selenium.tests.TestBase" name="testHospsWithRatings" time="10.055"/>
  <system-out/>
  <testcase classname="com.selenium.tests.TestBase" name="testHospsWithRatings" time="12.479"/>
  <system-out/>
  <testcase classname="com.selenium.tests.TestBase" name="testDiagnosticspage" time="27.097"/>
  <system-out/>
  <testcase classname="com.selenium.tests.TestBase" name="testDiagnosticspage" time="27.434"/>
  <system-out/>
  <testcase classname="com.selenium.tests.TestBase" name="testDiagnosticspage" time="32.771"/>
  <system-out/>
  <testcase classname="com.selenium.tests.TestBase" name="testGetTopCities" time="0.612"/>
  <system-out/>
  <testcase classname="com.selenium.tests.TestBase" name="testGetTopCities" time="0.524"/>
  <system-out/>
  <testcase classname="com.selenium.tests.TestBase" name="testGetTopCities" time="0.393"/>
  <system-out/>
  <testcase classname="com.selenium.tests.TestBase" name="testDisplayTopCities" time="0.002"/>
  <system-out/>
  <testcase classname="com.selenium.tests.TestBase" name="testDisplayTopCities" time="0.001"/>
  <system-out/>
  <testcase classname="com.selenium.tests.TestBase" name="testDisplayTopCities" time="0.003"/>
  <system-out/>
  <testcase classname="com.selenium.tests.TestBase" name="testcWellnessPage" time="26.019"/>
  <system-out/>
  <testcase classname="com.selenium.tests.TestBase" name="testcWellnessPage" time="27.398"/>
  <system-out/>
  <testcase classname="com.selenium.tests.TestBase" name="testcWellnessPage" time="25.499"/>
  <system-out/>
  <testcase classname="com.selenium.tests.TestBase" name="invalidDetails1" time="0.054"/>
  <system-out/>
  <testcase classname="com.selenium.tests.TestBase" name="invalidDetails1" time="0.113"/>
  <system-out/>
  <testcase classname="com.selenium.tests.TestBase" name="invalidDetails1" time="0.059"/>
  <system-out/>
  <testcase classname="com.selenium.tests.TestBase" name="testDisplayError1" time="0.154"/>
  <system-out/>
  <testcase classname="com.selenium.tests.TestBase" name="testDisplayError1" time="0.414"/>
  <system-out/>
  <testcase classname="com.selenium.tests.TestBase" name="testDisplayError1" time="0.262"/>
  <system-out/>
  <testcase classname="com.selenium.tests.TestBase" name="invalidDetails2" time="0.519"/>
  <system-out/>
  <testcase classname="com.selenium.tests.TestBase" name="invalidDetails2" time="0.164"/>
  <system-out/>
  <testcase classname="com.selenium.tests.TestBase" name="invalidDetails2" time="0.406"/>
  <system-out/>
  <testcase classname="com.selenium.tests.TestBase" name="testDisplayError2" time="0.072"/>
  <system-out/>
  <testcase classname="com.selenium.tests.TestBase" name="testDisplayError2" time="0.116"/>
  <system-out/>
  <testcase classname="com.selenium.tests.TestBase" name="testDisplayError2" time="0.086"/>
  <system-out/>
  <testcase classname="com.selenium.tests.TestBase" name="invalidDetails3" time="0.511"/>
  <system-out/>
  <testcase classname="com.selenium.tests.TestBase" name="invalidDetails3" time="0.413"/>
  <system-out/>
  <testcase classname="com.selenium.tests.TestBase" name="invalidDetails3" time="0.177"/>
  <system-out/>
  <testcase classname="com.selenium.tests.TestBase" name="testDisplayError3" time="0.078"/>
  <system-out/>
  <testcase classname="com.selenium.tests.TestBase" name="testDisplayError3" time="0.077"/>
  <system-out/>
  <testcase classname="com.selenium.tests.TestBase" name="testDisplayError3" time="0.074"/>
  <system-out/>
  <testcase classname="com.selenium.tests.TestBase" name="invalidDetails4" time="0.257"/>
  <system-out/>
  <testcase classname="com.selenium.tests.TestBase" name="invalidDetails4" time="0.648"/>
  <system-out/>
  <testcase classname="com.selenium.tests.TestBase" name="invalidDetails4" time="0.724"/>
  <system-out/>
  <testcase classname="com.selenium.tests.TestBase" name="testDisplayError4" time="0.070"/>
  <system-out/>
  <testcase classname="com.selenium.tests.TestBase" name="testDisplayError4" time="0.075"/>
  <system-out/>
  <testcase classname="com.selenium.tests.TestBase" name="testDisplayError4" time="0.071"/>
  <system-out/>
  <testcase classname="com.selenium.tests.TestBase" name="validDetailsCorporateWellness" time="0.724"/>
  <system-out/>
  <testcase classname="com.selenium.tests.TestBase" name="validDetailsCorporateWellness" time="0.875"/>
  <system-out/>
  <testcase classname="com.selenium.tests.TestBase" name="validDetailsCorporateWellness" time="0.402"/>
  <system-out/>
  <testcase classname="com.selenium.tests.TestBase" name="testDisplaySuccessMessage" time="1.268"/>
  <system-out/>
  <testcase classname="com.selenium.tests.TestBase" name="testDisplaySuccessMessage" time="1.079"/>
  <system-out/>
  <testcase classname="com.selenium.tests.TestBase" name="testDisplaySuccessMessage" time="1.077"/>
  <system-out/>
  <testcase classname="com.selenium.tests.TestBase" name="inValidName" time="0.876"/>
  <system-out/>
  <testcase classname="com.selenium.tests.TestBase" name="inValidName" time="0.312"/>
  <system-out/>
  <testcase classname="com.selenium.tests.TestBase" name="inValidName" time="0.830"/>
  <system-out/>
  <testcase classname="com.selenium.tests.TestBase" name="displayErrorInvalidName" time="1.077">
    <failure message="Invalid Name test case Passed expected [Please Enter Name] but found [Thanks, for showing We have received your request, our team will contact you shortly.]" type="java.lang.AssertionError">
      <![CDATA[java.lang.AssertionError: Invalid Name test case Passed expected [Please Enter Name] but found [Thanks, for showing We have received your request, our team will contact you shortly.]
at org.testng.Assert.fail(Assert.java:97)
at org.testng.Assert.assertEqualsImpl(Assert.java:136)
at org.testng.Assert.assertEquals(Assert.java:118)
at org.testng.Assert.assertEquals(Assert.java:575)
at com.selenium.tests.TestBase.displayErrorInvalidName(TestBase.java:266)
at java.base/jdk.internal.reflect.NativeMethodAccessorImpl.invoke0(Native Method)
at java.base/jdk.internal.reflect.NativeMethodAccessorImpl.invoke(NativeMethodAccessorImpl.java:62)
at java.base/jdk.internal.reflect.DelegatingMethodAccessorImpl.invoke(DelegatingMethodAccessorImpl.java:43)
at java.base/java.lang.reflect.Method.invoke(Method.java:567)
at org.testng.internal.MethodInvocationHelper.invokeMethod(MethodInvocationHelper.java:135)
at org.testng.internal.TestInvoker.invokeMethod(TestInvoker.java:598)
at org.testng.internal.TestInvoker.invokeTestMethod(TestInvoker.java:174)
at org.testng.internal.MethodRunner.runInSequence(MethodRunner.java:46)
at org.testng.internal.TestInvoker$MethodInvocationAgent.invoke(TestInvoker.java:821)
at org.testng.internal.TestInvoker.invokeTestMethods(TestInvoker.java:147)
at org.testng.internal.TestMethodWorker.invokeTestMethods(TestMethodWorker.java:146)
at org.testng.internal.TestMethodWorker.run(TestMethodWorker.java:128)
at java.base/java.util.ArrayList.forEach(ArrayList.java:1507)
at org.testng.TestRunner.privateRun(TestRunner.java:767)
at org.testng.TestRunner.run(TestRunner.java:588)
at org.testng.SuiteRunner.runTest(SuiteRunner.java:384)
at org.testng.SuiteRunner.access$000(SuiteRunner.java:28)
at org.testng.SuiteRunner$SuiteWorker.run(SuiteRunner.java:425)
at org.testng.internal.thread.ThreadUtil.lambda$execute$0(ThreadUtil.java:68)
at java.base/java.util.concurrent.FutureTask.run(FutureTask.java:264)
at java.base/java.util.concurrent.ThreadPoolExecutor.runWorker(ThreadPoolExecutor.java:1128)
at java.base/java.util.concurrent.ThreadPoolExecutor$Worker.run(ThreadPoolExecutor.java:628)
at java.base/java.lang.Thread.run(Thread.java:830)
]]>
    </failure>
  </testcase> <!-- displayErrorInvalidName -->
  <system-out/>
  <testcase classname="com.selenium.tests.TestBase" name="displayErrorInvalidName" time="1.085">
    <failure message="Invalid Name test case Passed expected [Please Enter Name] but found [Thanks, for showing We have received your request, our team will contact you shortly.]" type="java.lang.AssertionError">
      <![CDATA[java.lang.AssertionError: Invalid Name test case Passed expected [Please Enter Name] but found [Thanks, for showing We have received your request, our team will contact you shortly.]
at org.testng.Assert.fail(Assert.java:97)
at org.testng.Assert.assertEqualsImpl(Assert.java:136)
at org.testng.Assert.assertEquals(Assert.java:118)
at org.testng.Assert.assertEquals(Assert.java:575)
at com.selenium.tests.TestBase.displayErrorInvalidName(TestBase.java:266)
at java.base/jdk.internal.reflect.NativeMethodAccessorImpl.invoke0(Native Method)
at java.base/jdk.internal.reflect.NativeMethodAccessorImpl.invoke(NativeMethodAccessorImpl.java:62)
at java.base/jdk.internal.reflect.DelegatingMethodAccessorImpl.invoke(DelegatingMethodAccessorImpl.java:43)
at java.base/java.lang.reflect.Method.invoke(Method.java:567)
at org.testng.internal.MethodInvocationHelper.invokeMethod(MethodInvocationHelper.java:135)
at org.testng.internal.TestInvoker.invokeMethod(TestInvoker.java:598)
at org.testng.internal.TestInvoker.invokeTestMethod(TestInvoker.java:174)
at org.testng.internal.MethodRunner.runInSequence(MethodRunner.java:46)
at org.testng.internal.TestInvoker$MethodInvocationAgent.invoke(TestInvoker.java:821)
at org.testng.internal.TestInvoker.invokeTestMethods(TestInvoker.java:147)
at org.testng.internal.TestMethodWorker.invokeTestMethods(TestMethodWorker.java:146)
at org.testng.internal.TestMethodWorker.run(TestMethodWorker.java:128)
at java.base/java.util.ArrayList.forEach(ArrayList.java:1507)
at org.testng.TestRunner.privateRun(TestRunner.java:767)
at org.testng.TestRunner.run(TestRunner.java:588)
at org.testng.SuiteRunner.runTest(SuiteRunner.java:384)
at org.testng.SuiteRunner.access$000(SuiteRunner.java:28)
at org.testng.SuiteRunner$SuiteWorker.run(SuiteRunner.java:425)
at org.testng.internal.thread.ThreadUtil.lambda$execute$0(ThreadUtil.java:68)
at java.base/java.util.concurrent.FutureTask.run(FutureTask.java:264)
at java.base/java.util.concurrent.ThreadPoolExecutor.runWorker(ThreadPoolExecutor.java:1128)
at java.base/java.util.concurrent.ThreadPoolExecutor$Worker.run(ThreadPoolExecutor.java:628)
at java.base/java.lang.Thread.run(Thread.java:830)
]]>
    </failure>
  </testcase> <!-- displayErrorInvalidName -->
  <system-out/>
  <testcase classname="com.selenium.tests.TestBase" name="displayErrorInvalidName" time="1.214">
    <failure message="Invalid Name test case Passed expected [Please Enter Name] but found [Thanks, for showing We have received your request, our team will contact you shortly.]" type="java.lang.AssertionError">
      <![CDATA[java.lang.AssertionError: Invalid Name test case Passed expected [Please Enter Name] but found [Thanks, for showing We have received your request, our team will contact you shortly.]
at org.testng.Assert.fail(Assert.java:97)
at org.testng.Assert.assertEqualsImpl(Assert.java:136)
at org.testng.Assert.assertEquals(Assert.java:118)
at org.testng.Assert.assertEquals(Assert.java:575)
at com.selenium.tests.TestBase.displayErrorInvalidName(TestBase.java:266)
at java.base/jdk.internal.reflect.NativeMethodAccessorImpl.invoke0(Native Method)
at java.base/jdk.internal.reflect.NativeMethodAccessorImpl.invoke(NativeMethodAccessorImpl.java:62)
at java.base/jdk.internal.reflect.DelegatingMethodAccessorImpl.invoke(DelegatingMethodAccessorImpl.java:43)
at java.base/java.lang.reflect.Method.invoke(Method.java:567)
at org.testng.internal.MethodInvocationHelper.invokeMethod(MethodInvocationHelper.java:135)
at org.testng.internal.TestInvoker.invokeMethod(TestInvoker.java:598)
at org.testng.internal.TestInvoker.invokeTestMethod(TestInvoker.java:174)
at org.testng.internal.MethodRunner.runInSequence(MethodRunner.java:46)
at org.testng.internal.TestInvoker$MethodInvocationAgent.invoke(TestInvoker.java:821)
at org.testng.internal.TestInvoker.invokeTestMethods(TestInvoker.java:147)
at org.testng.internal.TestMethodWorker.invokeTestMethods(TestMethodWorker.java:146)
at org.testng.internal.TestMethodWorker.run(TestMethodWorker.java:128)
at java.base/java.util.ArrayList.forEach(ArrayList.java:1507)
at org.testng.TestRunner.privateRun(TestRunner.java:767)
at org.testng.TestRunner.run(TestRunner.java:588)
at org.testng.SuiteRunner.runTest(SuiteRunner.java:384)
at org.testng.SuiteRunner.access$000(SuiteRunner.java:28)
at org.testng.SuiteRunner$SuiteWorker.run(SuiteRunner.java:425)
at org.testng.internal.thread.ThreadUtil.lambda$execute$0(ThreadUtil.java:68)
at java.base/java.util.concurrent.FutureTask.run(FutureTask.java:264)
at java.base/java.util.concurrent.ThreadPoolExecutor.runWorker(ThreadPoolExecutor.java:1128)
at java.base/java.util.concurrent.ThreadPoolExecutor$Worker.run(ThreadPoolExecutor.java:628)
at java.base/java.lang.Thread.run(Thread.java:830)
]]>
    </failure>
  </testcase> <!-- displayErrorInvalidName -->
  <system-out/>
  <testcase classname="com.selenium.tests.TestBase" name="testWriteExcelData" time="0.600"/>
  <system-out/>
  <testcase classname="com.selenium.tests.TestBase" name="testWriteExcelData" time="0.338"/>
  <system-out/>
  <testcase classname="com.selenium.tests.TestBase" name="testWriteExcelData" time="0.096"/>
  <system-out/>
</testsuite> <!-- com.selenium.tests.TestBase -->
