<?xml version="1.0" encoding="UTF-8"?>
<!-- Generated by org.testng.reporters.JUnitXMLReporter -->
<testsuite hostname="DESKTOP-JH48RN9" ignored="0" name="Default test" tests="20" failures="0" timestamp="2020-06-02T01:36:02 IST" time="0.256" errors="0">
  <testcase name="@BeforeClass setUp" time="-1.59104196198E9" classname="com.selenium.tests.ValidDetails">
    <failure type="org.testng.TestNGException" message="
Parameter &amp;apos;browser&amp;apos; is required by BeforeClass on method setUp but has not been marked @Optional or defined
in C:\Users\ASUS\AppData\Local\Temp\testng-eclipse-1371864723\testng-customsuite.xml">
      <![CDATA[org.testng.TestNGException: 
Parameter 'browser' is required by BeforeClass on method setUp but has not been marked @Optional or defined
in C:\Users\ASUS\AppData\Local\Temp\testng-eclipse-1371864723\testng-customsuite.xml
at org.testng.internal.Parameters.createParams(Parameters.java:272)
at org.testng.internal.Parameters.createParametersForMethod(Parameters.java:360)
at org.testng.internal.Parameters.createParameters(Parameters.java:704)
at org.testng.internal.Parameters.createConfigurationParameters(Parameters.java:166)
at org.testng.internal.ConfigInvoker.invokeConfigurations(ConfigInvoker.java:283)
at org.testng.internal.TestMethodWorker.invokeBeforeClassMethods(TestMethodWorker.java:176)
at org.testng.internal.TestMethodWorker.run(TestMethodWorker.java:122)
at java.util.ArrayList.forEach(Unknown Source)
at org.testng.TestRunner.privateRun(TestRunner.java:766)
at org.testng.TestRunner.run(TestRunner.java:587)
at org.testng.SuiteRunner.runTest(SuiteRunner.java:384)
at org.testng.SuiteRunner.runSequentially(SuiteRunner.java:378)
at org.testng.SuiteRunner.privateRun(SuiteRunner.java:337)
at org.testng.SuiteRunner.run(SuiteRunner.java:286)
at org.testng.SuiteRunnerWorker.runSuite(SuiteRunnerWorker.java:53)
at org.testng.SuiteRunnerWorker.run(SuiteRunnerWorker.java:96)
at org.testng.TestNG.runSuitesSequentially(TestNG.java:1187)
at org.testng.TestNG.runSuitesLocally(TestNG.java:1109)
at org.testng.TestNG.runSuites(TestNG.java:1039)
at org.testng.TestNG.run(TestNG.java:1007)
at org.testng.remote.AbstractRemoteTestNG.run(AbstractRemoteTestNG.java:115)
at org.testng.remote.RemoteTestNG.initAndRun(RemoteTestNG.java:251)
at org.testng.remote.RemoteTestNG.main(RemoteTestNG.java:77)
]]>
    </failure>
  </testcase> <!-- @BeforeClass setUp -->
  <testcase name="@AfterClass closeBrowser" time="-1.591041962205E9" classname="com.selenium.tests.ValidDetails">
    <skipped/>
  </testcase> <!-- @AfterClass closeBrowser -->
  <testcase name="UrlTesting" time="0.0" classname="com.selenium.tests.ValidDetails">
    <skipped/>
  </testcase> <!-- UrlTesting -->
  <testcase name="testValidDetails" time="0.0" classname="com.selenium.tests.ValidDetails">
    <skipped/>
  </testcase> <!-- testValidDetails -->
  <testcase name="testCondition" time="0.0" classname="com.selenium.tests.ValidDetails">
    <skipped/>
  </testcase> <!-- testCondition -->
  <testcase name="testFilterButton" time="0.0" classname="com.selenium.tests.ValidDetails">
    <skipped/>
  </testcase> <!-- testFilterButton -->
  <testcase name="testFilter" time="0.0" classname="com.selenium.tests.ValidDetails">
    <skipped/>
  </testcase> <!-- testFilter -->
  <testcase name="testScroll" time="0.0" classname="com.selenium.tests.ValidDetails">
    <skipped/>
  </testcase> <!-- testScroll -->
  <testcase name="testHospsWithRatings" time="0.0" classname="com.selenium.tests.ValidDetails">
    <skipped/>
  </testcase> <!-- testHospsWithRatings -->
  <testcase name="createExcel" time="0.0" classname="com.selenium.tests.ValidDetails">
    <skipped/>
  </testcase> <!-- createExcel -->
  <testcase name="testDiagnosticspage" time="0.0" classname="com.selenium.tests.ValidDetails">
    <skipped/>
  </testcase> <!-- testDiagnosticspage -->
  <testcase name="testGetTopCities" time="0.0" classname="com.selenium.tests.ValidDetails">
    <skipped/>
  </testcase> <!-- testGetTopCities -->
  <testcase name="testDisplayTopCities" time="0.0" classname="com.selenium.tests.ValidDetails">
    <skipped/>
  </testcase> <!-- testDisplayTopCities -->
  <testcase name="testcWellnessPage" time="0.0" classname="com.selenium.tests.ValidDetails">
    <skipped/>
  </testcase> <!-- testcWellnessPage -->
  <testcase name="invalidDetails1" time="0.0" classname="com.selenium.tests.ValidDetails">
    <skipped/>
  </testcase> <!-- invalidDetails1 -->
  <testcase name="testDisplayError1" time="0.0" classname="com.selenium.tests.ValidDetails">
    <skipped/>
  </testcase> <!-- testDisplayError1 -->
  <testcase name="invalidDetails2" time="0.0" classname="com.selenium.tests.ValidDetails">
    <skipped/>
  </testcase> <!-- invalidDetails2 -->
  <testcase name="testDisplayError2" time="0.001" classname="com.selenium.tests.ValidDetails">
    <skipped/>
  </testcase> <!-- testDisplayError2 -->
  <testcase name="invalidDetails3" time="0.0" classname="com.selenium.tests.ValidDetails">
    <skipped/>
  </testcase> <!-- invalidDetails3 -->
  <testcase name="testDisplayError3" time="0.0" classname="com.selenium.tests.ValidDetails">
    <skipped/>
  </testcase> <!-- testDisplayError3 -->
  <testcase name="invalidDetails4" time="0.0" classname="com.selenium.tests.ValidDetails">
    <skipped/>
  </testcase> <!-- invalidDetails4 -->
  <testcase name="testDisplayError4" time="0.0" classname="com.selenium.tests.ValidDetails">
    <skipped/>
  </testcase> <!-- testDisplayError4 -->
</testsuite> <!-- Default test -->
