<!DOCTYPE html>

<html>
  <head>
  <meta charset='utf-8'>
  <title>TestNG reports</title>

    <link type="text/css" href="testng-reports1.css" rel="stylesheet" id="ultra" />
    <link type="text/css" href="testng-reports.css" rel="stylesheet" id="retro" disabled="false"/>
    <script type="text/javascript" src="jquery-3.4.1.min.js"></script>
    <script type="text/javascript" src="testng-reports.js"></script>
    <script type="text/javascript" src="https://www.google.com/jsapi"></script>
    <script type='text/javascript'>
      google.load('visualization', '1', {packages:['table']});
      google.setOnLoadCallback(drawTable);
      var suiteTableInitFunctions = new Array();
      var suiteTableData = new Array();
    </script>
    <!--
      <script type="text/javascript" src="jquery-ui/js/jquery-ui-1.8.16.custom.min.js"></script>
     -->
  </head>

  <body>
    <div class="top-banner-root">
      <span class="top-banner-title-font">Test results</span>
      <button id="button" class="button">Switch Retro Theme</button> <!-- button -->
      <br/>
      <span class="top-banner-font-1">1 suite, 23 failed tests</span>
    </div> <!-- top-banner-root -->
    <div class="navigator-root">
      <div class="navigator-suite-header">
        <span>All suites</span>
        <a href="#" title="Collapse/expand all the suites" class="collapse-all-link">
          <img src="collapseall.gif" class="collapse-all-icon">
          </img> <!-- collapse-all-icon -->
        </a> <!-- collapse-all-link -->
      </div> <!-- navigator-suite-header -->
      <div class="suite">
        <div class="rounded-window">
          <div class="suite-header light-rounded-window-top">
            <a href="#" panel-name="suite-TestSuite" class="navigator-link">
              <span class="suite-name border-failed">TestSuite</span>
            </a> <!-- navigator-link -->
          </div> <!-- suite-header light-rounded-window-top -->
          <div class="navigator-suite-content">
            <div class="suite-section-title">
              <span>Info</span>
            </div> <!-- suite-section-title -->
            <div class="suite-section-content">
              <ul>
                <li>
                  <a href="#" panel-name="test-xml-TestSuite" class="navigator-link ">
                    <span>C:\Users\Anshu Mishra\git\repository\clinicplus\FindHospital\testng.xml</span>
                  </a> <!-- navigator-link  -->
                </li>
                <li>
                  <a href="#" panel-name="testlist-TestSuite" class="navigator-link ">
                    <span class="test-stats">3 tests</span>
                  </a> <!-- navigator-link  -->
                </li>
                <li>
                  <a href="#" panel-name="group-TestSuite" class="navigator-link ">
                    <span>0 groups</span>
                  </a> <!-- navigator-link  -->
                </li>
                <li>
                  <a href="#" panel-name="times-TestSuite" class="navigator-link ">
                    <span>Times</span>
                  </a> <!-- navigator-link  -->
                </li>
                <li>
                  <a href="#" panel-name="reporter-TestSuite" class="navigator-link ">
                    <span>Reporter output</span>
                  </a> <!-- navigator-link  -->
                </li>
                <li>
                  <a href="#" panel-name="ignored-methods-TestSuite" class="navigator-link ">
                    <span>Ignored methods</span>
                  </a> <!-- navigator-link  -->
                </li>
                <li>
                  <a href="#" panel-name="chronological-TestSuite" class="navigator-link ">
                    <span>Chronological view</span>
                  </a> <!-- navigator-link  -->
                </li>
              </ul>
            </div> <!-- suite-section-content -->
            <div class="result-section">
              <div class="suite-section-title">
                <span>Results</span>
              </div> <!-- suite-section-title -->
              <div class="suite-section-content">
                <ul>
                  <li>
                    <span class="method-stats">69 methods, 23 failed,   46 passed</span>
                  </li>
                  <li>
                    <span class="method-list-title failed">Failed methods</span>
                    <span class="show-or-hide-methods failed">
                      <a href="#" panel-name="suite-TestSuite" class="hide-methods failed suite-TestSuite"> (hide)</a> <!-- hide-methods failed suite-TestSuite -->
                      <a href="#" panel-name="suite-TestSuite" class="show-methods failed suite-TestSuite"> (show)</a> <!-- show-methods failed suite-TestSuite -->
                    </span>
                    <div class="method-list-content failed suite-TestSuite">
                      <span>
                        <img src="failed.png" width="3%"/>
                        <a href="#" panel-name="suite-TestSuite" title="com.selenium.tests.TestBase" class="method navigator-link" hash-for-method="UrlTesting">UrlTesting</a> <!-- method navigator-link -->
                      </span>
                      <br/>
                      <span>
                        <img src="failed.png" width="3%"/>
                        <a href="#" panel-name="suite-TestSuite" title="com.selenium.tests.TestBase" class="method navigator-link" hash-for-method="displayErrorInvalidName">displayErrorInvalidName</a> <!-- method navigator-link -->
                      </span>
                      <br/>
                      <span>
                        <img src="failed.png" width="3%"/>
                        <a href="#" panel-name="suite-TestSuite" title="com.selenium.tests.TestBase" class="method navigator-link" hash-for-method="displayErrorInvalidName">displayErrorInvalidName</a> <!-- method navigator-link -->
                      </span>
                      <br/>
                      <span>
                        <img src="failed.png" width="3%"/>
                        <a href="#" panel-name="suite-TestSuite" title="com.selenium.tests.TestBase" class="method navigator-link" hash-for-method="displayErrorInvalidName">displayErrorInvalidName</a> <!-- method navigator-link -->
                      </span>
                      <br/>
                      <span>
                        <img src="failed.png" width="3%"/>
                        <a href="#" panel-name="suite-TestSuite" title="com.selenium.tests.TestBase" class="method navigator-link" hash-for-method="inValidName">inValidName</a> <!-- method navigator-link -->
                      </span>
                      <br/>
                      <span>
                        <img src="failed.png" width="3%"/>
                        <a href="#" panel-name="suite-TestSuite" title="com.selenium.tests.TestBase" class="method navigator-link" hash-for-method="invalidDetails2">invalidDetails2</a> <!-- method navigator-link -->
                      </span>
                      <br/>
                      <span>
                        <img src="failed.png" width="3%"/>
                        <a href="#" panel-name="suite-TestSuite" title="com.selenium.tests.TestBase" class="method navigator-link" hash-for-method="invalidDetails3">invalidDetails3</a> <!-- method navigator-link -->
                      </span>
                      <br/>
                      <span>
                        <img src="failed.png" width="3%"/>
                        <a href="#" panel-name="suite-TestSuite" title="com.selenium.tests.TestBase" class="method navigator-link" hash-for-method="invalidDetails4">invalidDetails4</a> <!-- method navigator-link -->
                      </span>
                      <br/>
                      <span>
                        <img src="failed.png" width="3%"/>
                        <a href="#" panel-name="suite-TestSuite" title="com.selenium.tests.TestBase" class="method navigator-link" hash-for-method="testCondition">testCondition</a> <!-- method navigator-link -->
                      </span>
                      <br/>
                      <span>
                        <img src="failed.png" width="3%"/>
                        <a href="#" panel-name="suite-TestSuite" title="com.selenium.tests.TestBase" class="method navigator-link" hash-for-method="testDiagnosticspage">testDiagnosticspage</a> <!-- method navigator-link -->
                      </span>
                      <br/>
                      <span>
                        <img src="failed.png" width="3%"/>
                        <a href="#" panel-name="suite-TestSuite" title="com.selenium.tests.TestBase" class="method navigator-link" hash-for-method="testDisplayError1">testDisplayError1</a> <!-- method navigator-link -->
                      </span>
                      <br/>
                      <span>
                        <img src="failed.png" width="3%"/>
                        <a href="#" panel-name="suite-TestSuite" title="com.selenium.tests.TestBase" class="method navigator-link" hash-for-method="testDisplayError2">testDisplayError2</a> <!-- method navigator-link -->
                      </span>
                      <br/>
                      <span>
                        <img src="failed.png" width="3%"/>
                        <a href="#" panel-name="suite-TestSuite" title="com.selenium.tests.TestBase" class="method navigator-link" hash-for-method="testDisplayError3">testDisplayError3</a> <!-- method navigator-link -->
                      </span>
                      <br/>
                      <span>
                        <img src="failed.png" width="3%"/>
                        <a href="#" panel-name="suite-TestSuite" title="com.selenium.tests.TestBase" class="method navigator-link" hash-for-method="testDisplayError4">testDisplayError4</a> <!-- method navigator-link -->
                      </span>
                      <br/>
                      <span>
                        <img src="failed.png" width="3%"/>
                        <a href="#" panel-name="suite-TestSuite" title="com.selenium.tests.TestBase" class="method navigator-link" hash-for-method="testDisplaySuccessMessage">testDisplaySuccessMessage</a> <!-- method navigator-link -->
                      </span>
                      <br/>
                      <span>
                        <img src="failed.png" width="3%"/>
                        <a href="#" panel-name="suite-TestSuite" title="com.selenium.tests.TestBase" class="method navigator-link" hash-for-method="testFilter">testFilter</a> <!-- method navigator-link -->
                      </span>
                      <br/>
                      <span>
                        <img src="failed.png" width="3%"/>
                        <a href="#" panel-name="suite-TestSuite" title="com.selenium.tests.TestBase" class="method navigator-link" hash-for-method="testFilterButton">testFilterButton</a> <!-- method navigator-link -->
                      </span>
                      <br/>
                      <span>
                        <img src="failed.png" width="3%"/>
                        <a href="#" panel-name="suite-TestSuite" title="com.selenium.tests.TestBase" class="method navigator-link" hash-for-method="testGetTopCities">testGetTopCities</a> <!-- method navigator-link -->
                      </span>
                      <br/>
                      <span>
                        <img src="failed.png" width="3%"/>
                        <a href="#" panel-name="suite-TestSuite" title="com.selenium.tests.TestBase" class="method navigator-link" hash-for-method="testHospsWithRatings">testHospsWithRatings</a> <!-- method navigator-link -->
                      </span>
                      <br/>
                      <span>
                        <img src="failed.png" width="3%"/>
                        <a href="#" panel-name="suite-TestSuite" title="com.selenium.tests.TestBase" class="method navigator-link" hash-for-method="testScroll">testScroll</a> <!-- method navigator-link -->
                      </span>
                      <br/>
                      <span>
                        <img src="failed.png" width="3%"/>
                        <a href="#" panel-name="suite-TestSuite" title="com.selenium.tests.TestBase" class="method navigator-link" hash-for-method="testValidDetails">testValidDetails</a> <!-- method navigator-link -->
                      </span>
                      <br/>
                      <span>
                        <img src="failed.png" width="3%"/>
                        <a href="#" panel-name="suite-TestSuite" title="com.selenium.tests.TestBase" class="method navigator-link" hash-for-method="testcWellnessPage">testcWellnessPage</a> <!-- method navigator-link -->
                      </span>
                      <br/>
                      <span>
                        <img src="failed.png" width="3%"/>
                        <a href="#" panel-name="suite-TestSuite" title="com.selenium.tests.TestBase" class="method navigator-link" hash-for-method="validDetailsCorporateWellness">validDetailsCorporateWellness</a> <!-- method navigator-link -->
                      </span>
                      <br/>
                    </div> <!-- method-list-content failed suite-TestSuite -->
                  </li>
                  <li>
                    <span class="method-list-title passed">Passed methods</span>
                    <span class="show-or-hide-methods passed">
                      <a href="#" panel-name="suite-TestSuite" class="hide-methods passed suite-TestSuite"> (hide)</a> <!-- hide-methods passed suite-TestSuite -->
                      <a href="#" panel-name="suite-TestSuite" class="show-methods passed suite-TestSuite"> (show)</a> <!-- show-methods passed suite-TestSuite -->
                    </span>
                    <div class="method-list-content passed suite-TestSuite">
                      <span>
                        <img src="passed.png" width="3%"/>
                        <a href="#" panel-name="suite-TestSuite" title="com.selenium.tests.TestBase" class="method navigator-link" hash-for-method="UrlTesting">UrlTesting</a> <!-- method navigator-link -->
                      </span>
                      <br/>
                      <span>
                        <img src="passed.png" width="3%"/>
                        <a href="#" panel-name="suite-TestSuite" title="com.selenium.tests.TestBase" class="method navigator-link" hash-for-method="UrlTesting">UrlTesting</a> <!-- method navigator-link -->
                      </span>
                      <br/>
                      <span>
                        <img src="passed.png" width="3%"/>
                        <a href="#" panel-name="suite-TestSuite" title="com.selenium.tests.TestBase" class="method navigator-link" hash-for-method="inValidName">inValidName</a> <!-- method navigator-link -->
                      </span>
                      <br/>
                      <span>
                        <img src="passed.png" width="3%"/>
                        <a href="#" panel-name="suite-TestSuite" title="com.selenium.tests.TestBase" class="method navigator-link" hash-for-method="inValidName">inValidName</a> <!-- method navigator-link -->
                      </span>
                      <br/>
                      <span>
                        <img src="passed.png" width="3%"/>
                        <a href="#" panel-name="suite-TestSuite" title="com.selenium.tests.TestBase" class="method navigator-link" hash-for-method="invalidDetails1">invalidDetails1</a> <!-- method navigator-link -->
                      </span>
                      <br/>
                      <span>
                        <img src="passed.png" width="3%"/>
                        <a href="#" panel-name="suite-TestSuite" title="com.selenium.tests.TestBase" class="method navigator-link" hash-for-method="invalidDetails1">invalidDetails1</a> <!-- method navigator-link -->
                      </span>
                      <br/>
                      <span>
                        <img src="passed.png" width="3%"/>
                        <a href="#" panel-name="suite-TestSuite" title="com.selenium.tests.TestBase" class="method navigator-link" hash-for-method="invalidDetails1">invalidDetails1</a> <!-- method navigator-link -->
                      </span>
                      <br/>
                      <span>
                        <img src="passed.png" width="3%"/>
                        <a href="#" panel-name="suite-TestSuite" title="com.selenium.tests.TestBase" class="method navigator-link" hash-for-method="invalidDetails2">invalidDetails2</a> <!-- method navigator-link -->
                      </span>
                      <br/>
                      <span>
                        <img src="passed.png" width="3%"/>
                        <a href="#" panel-name="suite-TestSuite" title="com.selenium.tests.TestBase" class="method navigator-link" hash-for-method="invalidDetails2">invalidDetails2</a> <!-- method navigator-link -->
                      </span>
                      <br/>
                      <span>
                        <img src="passed.png" width="3%"/>
                        <a href="#" panel-name="suite-TestSuite" title="com.selenium.tests.TestBase" class="method navigator-link" hash-for-method="invalidDetails3">invalidDetails3</a> <!-- method navigator-link -->
                      </span>
                      <br/>
                      <span>
                        <img src="passed.png" width="3%"/>
                        <a href="#" panel-name="suite-TestSuite" title="com.selenium.tests.TestBase" class="method navigator-link" hash-for-method="invalidDetails3">invalidDetails3</a> <!-- method navigator-link -->
                      </span>
                      <br/>
                      <span>
                        <img src="passed.png" width="3%"/>
                        <a href="#" panel-name="suite-TestSuite" title="com.selenium.tests.TestBase" class="method navigator-link" hash-for-method="invalidDetails4">invalidDetails4</a> <!-- method navigator-link -->
                      </span>
                      <br/>
                      <span>
                        <img src="passed.png" width="3%"/>
                        <a href="#" panel-name="suite-TestSuite" title="com.selenium.tests.TestBase" class="method navigator-link" hash-for-method="invalidDetails4">invalidDetails4</a> <!-- method navigator-link -->
                      </span>
                      <br/>
                      <span>
                        <img src="passed.png" width="3%"/>
                        <a href="#" panel-name="suite-TestSuite" title="com.selenium.tests.TestBase" class="method navigator-link" hash-for-method="testCondition">testCondition</a> <!-- method navigator-link -->
                      </span>
                      <br/>
                      <span>
                        <img src="passed.png" width="3%"/>
                        <a href="#" panel-name="suite-TestSuite" title="com.selenium.tests.TestBase" class="method navigator-link" hash-for-method="testCondition">testCondition</a> <!-- method navigator-link -->
                      </span>
                      <br/>
                      <span>
                        <img src="passed.png" width="3%"/>
                        <a href="#" panel-name="suite-TestSuite" title="com.selenium.tests.TestBase" class="method navigator-link" hash-for-method="testDiagnosticspage">testDiagnosticspage</a> <!-- method navigator-link -->
                      </span>
                      <br/>
                      <span>
                        <img src="passed.png" width="3%"/>
                        <a href="#" panel-name="suite-TestSuite" title="com.selenium.tests.TestBase" class="method navigator-link" hash-for-method="testDiagnosticspage">testDiagnosticspage</a> <!-- method navigator-link -->
                      </span>
                      <br/>
                      <span>
                        <img src="passed.png" width="3%"/>
                        <a href="#" panel-name="suite-TestSuite" title="com.selenium.tests.TestBase" class="method navigator-link" hash-for-method="testDisplayError1">testDisplayError1</a> <!-- method navigator-link -->
                      </span>
                      <br/>
                      <span>
                        <img src="passed.png" width="3%"/>
                        <a href="#" panel-name="suite-TestSuite" title="com.selenium.tests.TestBase" class="method navigator-link" hash-for-method="testDisplayError1">testDisplayError1</a> <!-- method navigator-link -->
                      </span>
                      <br/>
                      <span>
                        <img src="passed.png" width="3%"/>
                        <a href="#" panel-name="suite-TestSuite" title="com.selenium.tests.TestBase" class="method navigator-link" hash-for-method="testDisplayError2">testDisplayError2</a> <!-- method navigator-link -->
                      </span>
                      <br/>
                      <span>
                        <img src="passed.png" width="3%"/>
                        <a href="#" panel-name="suite-TestSuite" title="com.selenium.tests.TestBase" class="method navigator-link" hash-for-method="testDisplayError2">testDisplayError2</a> <!-- method navigator-link -->
                      </span>
                      <br/>
                      <span>
                        <img src="passed.png" width="3%"/>
                        <a href="#" panel-name="suite-TestSuite" title="com.selenium.tests.TestBase" class="method navigator-link" hash-for-method="testDisplayError3">testDisplayError3</a> <!-- method navigator-link -->
                      </span>
                      <br/>
                      <span>
                        <img src="passed.png" width="3%"/>
                        <a href="#" panel-name="suite-TestSuite" title="com.selenium.tests.TestBase" class="method navigator-link" hash-for-method="testDisplayError3">testDisplayError3</a> <!-- method navigator-link -->
                      </span>
                      <br/>
                      <span>
                        <img src="passed.png" width="3%"/>
                        <a href="#" panel-name="suite-TestSuite" title="com.selenium.tests.TestBase" class="method navigator-link" hash-for-method="testDisplayError4">testDisplayError4</a> <!-- method navigator-link -->
                      </span>
                      <br/>
                      <span>
                        <img src="passed.png" width="3%"/>
                        <a href="#" panel-name="suite-TestSuite" title="com.selenium.tests.TestBase" class="method navigator-link" hash-for-method="testDisplayError4">testDisplayError4</a> <!-- method navigator-link -->
                      </span>
                      <br/>
                      <span>
                        <img src="passed.png" width="3%"/>
                        <a href="#" panel-name="suite-TestSuite" title="com.selenium.tests.TestBase" class="method navigator-link" hash-for-method="testDisplaySuccessMessage">testDisplaySuccessMessage</a> <!-- method navigator-link -->
                      </span>
                      <br/>
                      <span>
                        <img src="passed.png" width="3%"/>
                        <a href="#" panel-name="suite-TestSuite" title="com.selenium.tests.TestBase" class="method navigator-link" hash-for-method="testDisplaySuccessMessage">testDisplaySuccessMessage</a> <!-- method navigator-link -->
                      </span>
                      <br/>
                      <span>
                        <img src="passed.png" width="3%"/>
                        <a href="#" panel-name="suite-TestSuite" title="com.selenium.tests.TestBase" class="method navigator-link" hash-for-method="testDisplayTopCities">testDisplayTopCities</a> <!-- method navigator-link -->
                      </span>
                      <br/>
                      <span>
                        <img src="passed.png" width="3%"/>
                        <a href="#" panel-name="suite-TestSuite" title="com.selenium.tests.TestBase" class="method navigator-link" hash-for-method="testDisplayTopCities">testDisplayTopCities</a> <!-- method navigator-link -->
                      </span>
                      <br/>
                      <span>
                        <img src="passed.png" width="3%"/>
                        <a href="#" panel-name="suite-TestSuite" title="com.selenium.tests.TestBase" class="method navigator-link" hash-for-method="testDisplayTopCities">testDisplayTopCities</a> <!-- method navigator-link -->
                      </span>
                      <br/>
                      <span>
                        <img src="passed.png" width="3%"/>
                        <a href="#" panel-name="suite-TestSuite" title="com.selenium.tests.TestBase" class="method navigator-link" hash-for-method="testFilter">testFilter</a> <!-- method navigator-link -->
                      </span>
                      <br/>
                      <span>
                        <img src="passed.png" width="3%"/>
                        <a href="#" panel-name="suite-TestSuite" title="com.selenium.tests.TestBase" class="method navigator-link" hash-for-method="testFilter">testFilter</a> <!-- method navigator-link -->
                      </span>
                      <br/>
                      <span>
                        <img src="passed.png" width="3%"/>
                        <a href="#" panel-name="suite-TestSuite" title="com.selenium.tests.TestBase" class="method navigator-link" hash-for-method="testFilterButton">testFilterButton</a> <!-- method navigator-link -->
                      </span>
                      <br/>
                      <span>
                        <img src="passed.png" width="3%"/>
                        <a href="#" panel-name="suite-TestSuite" title="com.selenium.tests.TestBase" class="method navigator-link" hash-for-method="testFilterButton">testFilterButton</a> <!-- method navigator-link -->
                      </span>
                      <br/>
                      <span>
                        <img src="passed.png" width="3%"/>
                        <a href="#" panel-name="suite-TestSuite" title="com.selenium.tests.TestBase" class="method navigator-link" hash-for-method="testGetTopCities">testGetTopCities</a> <!-- method navigator-link -->
                      </span>
                      <br/>
                      <span>
                        <img src="passed.png" width="3%"/>
                        <a href="#" panel-name="suite-TestSuite" title="com.selenium.tests.TestBase" class="method navigator-link" hash-for-method="testGetTopCities">testGetTopCities</a> <!-- method navigator-link -->
                      </span>
                      <br/>
                      <span>
                        <img src="passed.png" width="3%"/>
                        <a href="#" panel-name="suite-TestSuite" title="com.selenium.tests.TestBase" class="method navigator-link" hash-for-method="testHospsWithRatings">testHospsWithRatings</a> <!-- method navigator-link -->
                      </span>
                      <br/>
                      <span>
                        <img src="passed.png" width="3%"/>
                        <a href="#" panel-name="suite-TestSuite" title="com.selenium.tests.TestBase" class="method navigator-link" hash-for-method="testHospsWithRatings">testHospsWithRatings</a> <!-- method navigator-link -->
                      </span>
                      <br/>
                      <span>
                        <img src="passed.png" width="3%"/>
                        <a href="#" panel-name="suite-TestSuite" title="com.selenium.tests.TestBase" class="method navigator-link" hash-for-method="testScroll">testScroll</a> <!-- method navigator-link -->
                      </span>
                      <br/>
                      <span>
                        <img src="passed.png" width="3%"/>
                        <a href="#" panel-name="suite-TestSuite" title="com.selenium.tests.TestBase" class="method navigator-link" hash-for-method="testScroll">testScroll</a> <!-- method navigator-link -->
                      </span>
                      <br/>
                      <span>
                        <img src="passed.png" width="3%"/>
                        <a href="#" panel-name="suite-TestSuite" title="com.selenium.tests.TestBase" class="method navigator-link" hash-for-method="testValidDetails">testValidDetails</a> <!-- method navigator-link -->
                      </span>
                      <br/>
                      <span>
                        <img src="passed.png" width="3%"/>
                        <a href="#" panel-name="suite-TestSuite" title="com.selenium.tests.TestBase" class="method navigator-link" hash-for-method="testValidDetails">testValidDetails</a> <!-- method navigator-link -->
                      </span>
                      <br/>
                      <span>
                        <img src="passed.png" width="3%"/>
                        <a href="#" panel-name="suite-TestSuite" title="com.selenium.tests.TestBase" class="method navigator-link" hash-for-method="testcWellnessPage">testcWellnessPage</a> <!-- method navigator-link -->
                      </span>
                      <br/>
                      <span>
                        <img src="passed.png" width="3%"/>
                        <a href="#" panel-name="suite-TestSuite" title="com.selenium.tests.TestBase" class="method navigator-link" hash-for-method="testcWellnessPage">testcWellnessPage</a> <!-- method navigator-link -->
                      </span>
                      <br/>
                      <span>
                        <img src="passed.png" width="3%"/>
                        <a href="#" panel-name="suite-TestSuite" title="com.selenium.tests.TestBase" class="method navigator-link" hash-for-method="validDetailsCorporateWellness">validDetailsCorporateWellness</a> <!-- method navigator-link -->
                      </span>
                      <br/>
                      <span>
                        <img src="passed.png" width="3%"/>
                        <a href="#" panel-name="suite-TestSuite" title="com.selenium.tests.TestBase" class="method navigator-link" hash-for-method="validDetailsCorporateWellness">validDetailsCorporateWellness</a> <!-- method navigator-link -->
                      </span>
                      <br/>
                    </div> <!-- method-list-content passed suite-TestSuite -->
                  </li>
                </ul>
              </div> <!-- suite-section-content -->
            </div> <!-- result-section -->
          </div> <!-- navigator-suite-content -->
        </div> <!-- rounded-window -->
      </div> <!-- suite -->
    </div> <!-- navigator-root -->
    <div class="wrapper">
      <div class="main-panel-root">
        <div panel-name="suite-TestSuite" class="panel TestSuite">
          <div class="suite-TestSuite-class-failed">
            <div class="main-panel-header rounded-window-top">
              <img src="failed.png"/>
              <span class="class-name">com.selenium.tests.TestBase</span>
            </div> <!-- main-panel-header rounded-window-top -->
            <div class="main-panel-content rounded-window-bottom">
              <div class="method">
                <div class="method-content">
                  <a name="UrlTesting">
                  </a> <!-- UrlTesting -->
                  <span class="method-name">UrlTesting</span>
                  <div class="stack-trace">org.openqa.selenium.NoSuchSessionException: Session ID is null. Using WebDriver after calling quit()?
Build info: version: &apos;3.141.59&apos;, revision: &apos;e82be7d358&apos;, time: &apos;2018-11-14T08:25:53&apos;
System info: host: &apos;DESKTOP-075QGOI&apos;, ip: &apos;192.168.1.6&apos;, os.name: &apos;Windows 10&apos;, os.arch: &apos;amd64&apos;, os.version: &apos;10.0&apos;, java.version: &apos;13.0.2&apos;
Driver info: driver.version: RemoteWebDriver
	at org.openqa.selenium.remote.HttpCommandExecutor.execute(HttpCommandExecutor.java:125)
	at org.openqa.selenium.remote.service.DriverCommandExecutor.execute(DriverCommandExecutor.java:83)
	at org.openqa.selenium.remote.RemoteWebDriver.execute(RemoteWebDriver.java:552)
	at org.openqa.selenium.remote.RemoteWebDriver.get(RemoteWebDriver.java:277)
	at com.selenium.setup.UrlSetup.Url(UrlSetup.java:18)
	at com.selenium.tests.TestBase.UrlTesting(TestBase.java:99)
	at java.base/java.util.ArrayList.forEach(ArrayList.java:1507)
	at java.base/java.util.concurrent.FutureTask.run(FutureTask.java:264)
	at java.base/java.util.concurrent.ThreadPoolExecutor.runWorker(ThreadPoolExecutor.java:1128)
	at java.base/java.util.concurrent.ThreadPoolExecutor$Worker.run(ThreadPoolExecutor.java:628)
	at java.base/java.lang.Thread.run(Thread.java:830)
... Removed 18 stack frames
</div> <!-- stack-trace -->
                </div> <!-- method-content -->
              </div> <!-- method -->
              <div class="method">
                <div class="method-content">
                  <a name="displayErrorInvalidName">
                  </a> <!-- displayErrorInvalidName -->
                  <span class="method-name">displayErrorInvalidName</span>
                  <div class="stack-trace">java.lang.AssertionError: Invalid Name test case Passed expected [Please Enter Name] but found [Thanks, for showing We have received your request, our team will contact you shortly.]
	at com.selenium.tests.TestBase.displayErrorInvalidName(TestBase.java:268)
	at java.base/java.util.ArrayList.forEach(ArrayList.java:1507)
	at java.base/java.util.concurrent.FutureTask.run(FutureTask.java:264)
	at java.base/java.util.concurrent.ThreadPoolExecutor.runWorker(ThreadPoolExecutor.java:1128)
	at java.base/java.util.concurrent.ThreadPoolExecutor$Worker.run(ThreadPoolExecutor.java:628)
	at java.base/java.lang.Thread.run(Thread.java:830)
... Removed 22 stack frames
</div> <!-- stack-trace -->
                </div> <!-- method-content -->
              </div> <!-- method -->
              <div class="method">
                <div class="method-content">
                  <a name="displayErrorInvalidName">
                  </a> <!-- displayErrorInvalidName -->
                  <span class="method-name">displayErrorInvalidName</span>
                  <div class="stack-trace">org.openqa.selenium.NoSuchSessionException: Session ID is null. Using WebDriver after calling quit()?
Build info: version: &apos;3.141.59&apos;, revision: &apos;e82be7d358&apos;, time: &apos;2018-11-14T08:25:53&apos;
System info: host: &apos;DESKTOP-075QGOI&apos;, ip: &apos;192.168.1.6&apos;, os.name: &apos;Windows 10&apos;, os.arch: &apos;amd64&apos;, os.version: &apos;10.0&apos;, java.version: &apos;13.0.2&apos;
Driver info: driver.version: RemoteWebDriver
	at org.openqa.selenium.remote.HttpCommandExecutor.execute(HttpCommandExecutor.java:125)
	at org.openqa.selenium.remote.service.DriverCommandExecutor.execute(DriverCommandExecutor.java:83)
	at org.openqa.selenium.remote.RemoteWebDriver.execute(RemoteWebDriver.java:552)
	at org.openqa.selenium.remote.RemoteWebDriver.findElement(RemoteWebDriver.java:323)
	at org.openqa.selenium.remote.RemoteWebDriver.findElementByXPath(RemoteWebDriver.java:428)
	at org.openqa.selenium.By$ByXPath.findElement(By.java:353)
	at org.openqa.selenium.remote.RemoteWebDriver.findElement(RemoteWebDriver.java:315)
	at com.selenium.pages.PractoCorporateWellnessPage.getNameErrorMessage(PractoCorporateWellnessPage.java:130)
	at com.selenium.tests.TestBase.displayErrorInvalidName(TestBase.java:267)
	at java.base/java.util.ArrayList.forEach(ArrayList.java:1507)
	at java.base/java.util.concurrent.FutureTask.run(FutureTask.java:264)
	at java.base/java.util.concurrent.ThreadPoolExecutor.runWorker(ThreadPoolExecutor.java:1128)
	at java.base/java.util.concurrent.ThreadPoolExecutor$Worker.run(ThreadPoolExecutor.java:628)
	at java.base/java.lang.Thread.run(Thread.java:830)
... Removed 18 stack frames
</div> <!-- stack-trace -->
                </div> <!-- method-content -->
              </div> <!-- method -->
              <div class="method">
                <div class="method-content">
                  <a name="displayErrorInvalidName">
                  </a> <!-- displayErrorInvalidName -->
                  <span class="method-name">displayErrorInvalidName</span>
                  <div class="stack-trace">java.lang.AssertionError: Invalid Name test case Passed expected [Please Enter Name] but found [Thanks, for showing We have received your request, our team will contact you shortly.]
	at com.selenium.tests.TestBase.displayErrorInvalidName(TestBase.java:268)
	at java.base/java.util.ArrayList.forEach(ArrayList.java:1507)
	at java.base/java.util.concurrent.FutureTask.run(FutureTask.java:264)
	at java.base/java.util.concurrent.ThreadPoolExecutor.runWorker(ThreadPoolExecutor.java:1128)
	at java.base/java.util.concurrent.ThreadPoolExecutor$Worker.run(ThreadPoolExecutor.java:628)
	at java.base/java.lang.Thread.run(Thread.java:830)
... Removed 22 stack frames
</div> <!-- stack-trace -->
                </div> <!-- method-content -->
              </div> <!-- method -->
              <div class="method">
                <div class="method-content">
                  <a name="inValidName">
                  </a> <!-- inValidName -->
                  <span class="method-name">inValidName</span>
                  <div class="stack-trace">org.openqa.selenium.NoSuchSessionException: Session ID is null. Using WebDriver after calling quit()?
Build info: version: &apos;3.141.59&apos;, revision: &apos;e82be7d358&apos;, time: &apos;2018-11-14T08:25:53&apos;
System info: host: &apos;DESKTOP-075QGOI&apos;, ip: &apos;192.168.1.6&apos;, os.name: &apos;Windows 10&apos;, os.arch: &apos;amd64&apos;, os.version: &apos;10.0&apos;, java.version: &apos;13.0.2&apos;
Driver info: driver.version: RemoteWebDriver
	at org.openqa.selenium.remote.HttpCommandExecutor.execute(HttpCommandExecutor.java:125)
	at org.openqa.selenium.remote.service.DriverCommandExecutor.execute(DriverCommandExecutor.java:83)
	at org.openqa.selenium.remote.RemoteWebDriver.execute(RemoteWebDriver.java:552)
	at org.openqa.selenium.remote.RemoteWebDriver.findElement(RemoteWebDriver.java:323)
	at org.openqa.selenium.remote.RemoteWebDriver.findElementByXPath(RemoteWebDriver.java:428)
	at org.openqa.selenium.By$ByXPath.findElement(By.java:353)
	at org.openqa.selenium.remote.RemoteWebDriver.findElement(RemoteWebDriver.java:315)
	at com.selenium.pages.PractoCorporateWellnessPage.validDetails6(PractoCorporateWellnessPage.java:116)
	at com.selenium.tests.TestBase.inValidName(TestBase.java:260)
	at java.base/java.util.ArrayList.forEach(ArrayList.java:1507)
	at java.base/java.util.concurrent.FutureTask.run(FutureTask.java:264)
	at java.base/java.util.concurrent.ThreadPoolExecutor.runWorker(ThreadPoolExecutor.java:1128)
	at java.base/java.util.concurrent.ThreadPoolExecutor$Worker.run(ThreadPoolExecutor.java:628)
	at java.base/java.lang.Thread.run(Thread.java:830)
... Removed 18 stack frames
</div> <!-- stack-trace -->
                </div> <!-- method-content -->
              </div> <!-- method -->
              <div class="method">
                <div class="method-content">
                  <a name="invalidDetails2">
                  </a> <!-- invalidDetails2 -->
                  <span class="method-name">invalidDetails2</span>
                  <div class="stack-trace">org.openqa.selenium.NoSuchSessionException: Session ID is null. Using WebDriver after calling quit()?
Build info: version: &apos;3.141.59&apos;, revision: &apos;e82be7d358&apos;, time: &apos;2018-11-14T08:25:53&apos;
System info: host: &apos;DESKTOP-075QGOI&apos;, ip: &apos;192.168.1.6&apos;, os.name: &apos;Windows 10&apos;, os.arch: &apos;amd64&apos;, os.version: &apos;10.0&apos;, java.version: &apos;13.0.2&apos;
Driver info: driver.version: RemoteWebDriver
	at org.openqa.selenium.remote.HttpCommandExecutor.execute(HttpCommandExecutor.java:125)
	at org.openqa.selenium.remote.service.DriverCommandExecutor.execute(DriverCommandExecutor.java:83)
	at org.openqa.selenium.remote.RemoteWebDriver.execute(RemoteWebDriver.java:552)
	at org.openqa.selenium.remote.RemoteWebDriver.findElement(RemoteWebDriver.java:323)
	at org.openqa.selenium.remote.RemoteWebDriver.findElementByXPath(RemoteWebDriver.java:428)
	at org.openqa.selenium.By$ByXPath.findElement(By.java:353)
	at org.openqa.selenium.remote.RemoteWebDriver.findElement(RemoteWebDriver.java:315)
	at com.selenium.pages.PractoCorporateWellnessPage.invalidDetails2(PractoCorporateWellnessPage.java:35)
	at com.selenium.tests.TestBase.invalidDetails2(TestBase.java:197)
	at java.base/java.util.ArrayList.forEach(ArrayList.java:1507)
	at java.base/java.util.concurrent.FutureTask.run(FutureTask.java:264)
	at java.base/java.util.concurrent.ThreadPoolExecutor.runWorker(ThreadPoolExecutor.java:1128)
	at java.base/java.util.concurrent.ThreadPoolExecutor$Worker.run(ThreadPoolExecutor.java:628)
	at java.base/java.lang.Thread.run(Thread.java:830)
... Removed 18 stack frames
</div> <!-- stack-trace -->
                </div> <!-- method-content -->
              </div> <!-- method -->
              <div class="method">
                <div class="method-content">
                  <a name="invalidDetails3">
                  </a> <!-- invalidDetails3 -->
                  <span class="method-name">invalidDetails3</span>
                  <div class="stack-trace">org.openqa.selenium.NoSuchSessionException: Session ID is null. Using WebDriver after calling quit()?
Build info: version: &apos;3.141.59&apos;, revision: &apos;e82be7d358&apos;, time: &apos;2018-11-14T08:25:53&apos;
System info: host: &apos;DESKTOP-075QGOI&apos;, ip: &apos;192.168.1.6&apos;, os.name: &apos;Windows 10&apos;, os.arch: &apos;amd64&apos;, os.version: &apos;10.0&apos;, java.version: &apos;13.0.2&apos;
Driver info: driver.version: RemoteWebDriver
	at org.openqa.selenium.remote.HttpCommandExecutor.execute(HttpCommandExecutor.java:125)
	at org.openqa.selenium.remote.service.DriverCommandExecutor.execute(DriverCommandExecutor.java:83)
	at org.openqa.selenium.remote.RemoteWebDriver.execute(RemoteWebDriver.java:552)
	at org.openqa.selenium.remote.RemoteWebDriver.findElement(RemoteWebDriver.java:323)
	at org.openqa.selenium.remote.RemoteWebDriver.findElementByXPath(RemoteWebDriver.java:428)
	at org.openqa.selenium.By$ByXPath.findElement(By.java:353)
	at org.openqa.selenium.remote.RemoteWebDriver.findElement(RemoteWebDriver.java:315)
	at com.selenium.pages.PractoCorporateWellnessPage.invalidDetails3(PractoCorporateWellnessPage.java:52)
	at com.selenium.tests.TestBase.invalidDetails3(TestBase.java:213)
	at java.base/java.util.ArrayList.forEach(ArrayList.java:1507)
	at java.base/java.util.concurrent.FutureTask.run(FutureTask.java:264)
	at java.base/java.util.concurrent.ThreadPoolExecutor.runWorker(ThreadPoolExecutor.java:1128)
	at java.base/java.util.concurrent.ThreadPoolExecutor$Worker.run(ThreadPoolExecutor.java:628)
	at java.base/java.lang.Thread.run(Thread.java:830)
... Removed 18 stack frames
</div> <!-- stack-trace -->
                </div> <!-- method-content -->
              </div> <!-- method -->
              <div class="method">
                <div class="method-content">
                  <a name="invalidDetails4">
                  </a> <!-- invalidDetails4 -->
                  <span class="method-name">invalidDetails4</span>
                  <div class="stack-trace">org.openqa.selenium.NoSuchSessionException: Session ID is null. Using WebDriver after calling quit()?
Build info: version: &apos;3.141.59&apos;, revision: &apos;e82be7d358&apos;, time: &apos;2018-11-14T08:25:53&apos;
System info: host: &apos;DESKTOP-075QGOI&apos;, ip: &apos;192.168.1.6&apos;, os.name: &apos;Windows 10&apos;, os.arch: &apos;amd64&apos;, os.version: &apos;10.0&apos;, java.version: &apos;13.0.2&apos;
Driver info: driver.version: RemoteWebDriver
	at org.openqa.selenium.remote.HttpCommandExecutor.execute(HttpCommandExecutor.java:125)
	at org.openqa.selenium.remote.service.DriverCommandExecutor.execute(DriverCommandExecutor.java:83)
	at org.openqa.selenium.remote.RemoteWebDriver.execute(RemoteWebDriver.java:552)
	at org.openqa.selenium.remote.RemoteWebDriver.findElement(RemoteWebDriver.java:323)
	at org.openqa.selenium.remote.RemoteWebDriver.findElementByXPath(RemoteWebDriver.java:428)
	at org.openqa.selenium.By$ByXPath.findElement(By.java:353)
	at org.openqa.selenium.remote.RemoteWebDriver.findElement(RemoteWebDriver.java:315)
	at com.selenium.pages.PractoCorporateWellnessPage.invalidDetails4(PractoCorporateWellnessPage.java:71)
	at com.selenium.tests.TestBase.invalidDetails4(TestBase.java:230)
	at java.base/java.util.ArrayList.forEach(ArrayList.java:1507)
	at java.base/java.util.concurrent.FutureTask.run(FutureTask.java:264)
	at java.base/java.util.concurrent.ThreadPoolExecutor.runWorker(ThreadPoolExecutor.java:1128)
	at java.base/java.util.concurrent.ThreadPoolExecutor$Worker.run(ThreadPoolExecutor.java:628)
	at java.base/java.lang.Thread.run(Thread.java:830)
... Removed 18 stack frames
</div> <!-- stack-trace -->
                </div> <!-- method-content -->
              </div> <!-- method -->
              <div class="method">
                <div class="method-content">
                  <a name="testCondition">
                  </a> <!-- testCondition -->
                  <span class="method-name">testCondition</span>
                  <div class="stack-trace">org.openqa.selenium.NoSuchSessionException: Session ID is null. Using WebDriver after calling quit()?
Build info: version: &apos;3.141.59&apos;, revision: &apos;e82be7d358&apos;, time: &apos;2018-11-14T08:25:53&apos;
System info: host: &apos;DESKTOP-075QGOI&apos;, ip: &apos;192.168.1.6&apos;, os.name: &apos;Windows 10&apos;, os.arch: &apos;amd64&apos;, os.version: &apos;10.0&apos;, java.version: &apos;13.0.2&apos;
Driver info: driver.version: RemoteWebDriver
	at org.openqa.selenium.remote.HttpCommandExecutor.execute(HttpCommandExecutor.java:125)
	at org.openqa.selenium.remote.service.DriverCommandExecutor.execute(DriverCommandExecutor.java:83)
	at org.openqa.selenium.remote.RemoteWebDriver.execute(RemoteWebDriver.java:552)
	at org.openqa.selenium.remote.RemoteWebDriver.findElement(RemoteWebDriver.java:323)
	at org.openqa.selenium.remote.RemoteWebDriver.findElementByXPath(RemoteWebDriver.java:428)
	at org.openqa.selenium.By$ByXPath.findElement(By.java:353)
	at org.openqa.selenium.remote.RemoteWebDriver.findElement(RemoteWebDriver.java:315)
	at com.selenium.pages.PractoSearchHospitalsPage.setCondition(PractoSearchHospitalsPage.java:24)
	at com.selenium.tests.TestBase.testCondition(TestBase.java:116)
	at java.base/java.util.ArrayList.forEach(ArrayList.java:1507)
	at java.base/java.util.concurrent.FutureTask.run(FutureTask.java:264)
	at java.base/java.util.concurrent.ThreadPoolExecutor.runWorker(ThreadPoolExecutor.java:1128)
	at java.base/java.util.concurrent.ThreadPoolExecutor$Worker.run(ThreadPoolExecutor.java:628)
	at java.base/java.lang.Thread.run(Thread.java:830)
... Removed 18 stack frames
</div> <!-- stack-trace -->
                </div> <!-- method-content -->
              </div> <!-- method -->
              <div class="method">
                <div class="method-content">
                  <a name="testDiagnosticspage">
                  </a> <!-- testDiagnosticspage -->
                  <span class="method-name">testDiagnosticspage</span>
                  <div class="stack-trace">org.openqa.selenium.NoSuchSessionException: Session ID is null. Using WebDriver after calling quit()?
Build info: version: &apos;3.141.59&apos;, revision: &apos;e82be7d358&apos;, time: &apos;2018-11-14T08:25:53&apos;
System info: host: &apos;DESKTOP-075QGOI&apos;, ip: &apos;192.168.1.6&apos;, os.name: &apos;Windows 10&apos;, os.arch: &apos;amd64&apos;, os.version: &apos;10.0&apos;, java.version: &apos;13.0.2&apos;
Driver info: driver.version: RemoteWebDriver
	at org.openqa.selenium.remote.HttpCommandExecutor.execute(HttpCommandExecutor.java:125)
	at org.openqa.selenium.remote.service.DriverCommandExecutor.execute(DriverCommandExecutor.java:83)
	at org.openqa.selenium.remote.RemoteWebDriver.execute(RemoteWebDriver.java:552)
	at org.openqa.selenium.remote.RemoteWebDriver.findElement(RemoteWebDriver.java:323)
	at org.openqa.selenium.remote.RemoteWebDriver.findElementByXPath(RemoteWebDriver.java:428)
	at org.openqa.selenium.By$ByXPath.findElement(By.java:353)
	at org.openqa.selenium.remote.RemoteWebDriver.findElement(RemoteWebDriver.java:315)
	at com.selenium.pages.PractoDiagnosticsPage.DiagnosticsPage(PractoDiagnosticsPage.java:21)
	at com.selenium.tests.TestBase.testDiagnosticspage(TestBase.java:152)
	at java.base/java.util.ArrayList.forEach(ArrayList.java:1507)
	at java.base/java.util.concurrent.FutureTask.run(FutureTask.java:264)
	at java.base/java.util.concurrent.ThreadPoolExecutor.runWorker(ThreadPoolExecutor.java:1128)
	at java.base/java.util.concurrent.ThreadPoolExecutor$Worker.run(ThreadPoolExecutor.java:628)
	at java.base/java.lang.Thread.run(Thread.java:830)
... Removed 18 stack frames
</div> <!-- stack-trace -->
                </div> <!-- method-content -->
              </div> <!-- method -->
              <div class="method">
                <div class="method-content">
                  <a name="testDisplayError1">
                  </a> <!-- testDisplayError1 -->
                  <span class="method-name">testDisplayError1</span>
                  <div class="stack-trace">org.openqa.selenium.NoSuchSessionException: Session ID is null. Using WebDriver after calling quit()?
Build info: version: &apos;3.141.59&apos;, revision: &apos;e82be7d358&apos;, time: &apos;2018-11-14T08:25:53&apos;
System info: host: &apos;DESKTOP-075QGOI&apos;, ip: &apos;192.168.1.6&apos;, os.name: &apos;Windows 10&apos;, os.arch: &apos;amd64&apos;, os.version: &apos;10.0&apos;, java.version: &apos;13.0.2&apos;
Driver info: driver.version: RemoteWebDriver
	at org.openqa.selenium.remote.HttpCommandExecutor.execute(HttpCommandExecutor.java:125)
	at org.openqa.selenium.remote.service.DriverCommandExecutor.execute(DriverCommandExecutor.java:83)
	at org.openqa.selenium.remote.RemoteWebDriver.execute(RemoteWebDriver.java:552)
	at org.openqa.selenium.remote.RemoteWebDriver.findElement(RemoteWebDriver.java:323)
	at org.openqa.selenium.remote.RemoteWebDriver.findElementByXPath(RemoteWebDriver.java:428)
	at org.openqa.selenium.By$ByXPath.findElement(By.java:353)
	at org.openqa.selenium.remote.RemoteWebDriver.findElement(RemoteWebDriver.java:315)
	at com.selenium.pages.PractoCorporateWellnessPage.getError1(PractoCorporateWellnessPage.java:26)
	at com.selenium.tests.TestBase.testDisplayError1(TestBase.java:188)
	at java.base/java.util.ArrayList.forEach(ArrayList.java:1507)
	at java.base/java.util.concurrent.FutureTask.run(FutureTask.java:264)
	at java.base/java.util.concurrent.ThreadPoolExecutor.runWorker(ThreadPoolExecutor.java:1128)
	at java.base/java.util.concurrent.ThreadPoolExecutor$Worker.run(ThreadPoolExecutor.java:628)
	at java.base/java.lang.Thread.run(Thread.java:830)
... Removed 18 stack frames
</div> <!-- stack-trace -->
                </div> <!-- method-content -->
              </div> <!-- method -->
              <div class="method">
                <div class="method-content">
                  <a name="testDisplayError2">
                  </a> <!-- testDisplayError2 -->
                  <span class="method-name">testDisplayError2</span>
                  <div class="stack-trace">org.openqa.selenium.NoSuchSessionException: Session ID is null. Using WebDriver after calling quit()?
Build info: version: &apos;3.141.59&apos;, revision: &apos;e82be7d358&apos;, time: &apos;2018-11-14T08:25:53&apos;
System info: host: &apos;DESKTOP-075QGOI&apos;, ip: &apos;192.168.1.6&apos;, os.name: &apos;Windows 10&apos;, os.arch: &apos;amd64&apos;, os.version: &apos;10.0&apos;, java.version: &apos;13.0.2&apos;
Driver info: driver.version: RemoteWebDriver
	at org.openqa.selenium.remote.HttpCommandExecutor.execute(HttpCommandExecutor.java:125)
	at org.openqa.selenium.remote.service.DriverCommandExecutor.execute(DriverCommandExecutor.java:83)
	at org.openqa.selenium.remote.RemoteWebDriver.execute(RemoteWebDriver.java:552)
	at org.openqa.selenium.remote.RemoteWebDriver.findElement(RemoteWebDriver.java:323)
	at org.openqa.selenium.remote.RemoteWebDriver.findElementByXPath(RemoteWebDriver.java:428)
	at org.openqa.selenium.By$ByXPath.findElement(By.java:353)
	at org.openqa.selenium.remote.RemoteWebDriver.findElement(RemoteWebDriver.java:315)
	at com.selenium.pages.PractoCorporateWellnessPage.getError2(PractoCorporateWellnessPage.java:43)
	at com.selenium.tests.TestBase.testDisplayError2(TestBase.java:204)
	at java.base/java.util.ArrayList.forEach(ArrayList.java:1507)
	at java.base/java.util.concurrent.FutureTask.run(FutureTask.java:264)
	at java.base/java.util.concurrent.ThreadPoolExecutor.runWorker(ThreadPoolExecutor.java:1128)
	at java.base/java.util.concurrent.ThreadPoolExecutor$Worker.run(ThreadPoolExecutor.java:628)
	at java.base/java.lang.Thread.run(Thread.java:830)
... Removed 18 stack frames
</div> <!-- stack-trace -->
                </div> <!-- method-content -->
              </div> <!-- method -->
              <div class="method">
                <div class="method-content">
                  <a name="testDisplayError3">
                  </a> <!-- testDisplayError3 -->
                  <span class="method-name">testDisplayError3</span>
                  <div class="stack-trace">org.openqa.selenium.NoSuchSessionException: Session ID is null. Using WebDriver after calling quit()?
Build info: version: &apos;3.141.59&apos;, revision: &apos;e82be7d358&apos;, time: &apos;2018-11-14T08:25:53&apos;
System info: host: &apos;DESKTOP-075QGOI&apos;, ip: &apos;192.168.1.6&apos;, os.name: &apos;Windows 10&apos;, os.arch: &apos;amd64&apos;, os.version: &apos;10.0&apos;, java.version: &apos;13.0.2&apos;
Driver info: driver.version: RemoteWebDriver
	at org.openqa.selenium.remote.HttpCommandExecutor.execute(HttpCommandExecutor.java:125)
	at org.openqa.selenium.remote.service.DriverCommandExecutor.execute(DriverCommandExecutor.java:83)
	at org.openqa.selenium.remote.RemoteWebDriver.execute(RemoteWebDriver.java:552)
	at org.openqa.selenium.remote.RemoteWebDriver.findElement(RemoteWebDriver.java:323)
	at org.openqa.selenium.remote.RemoteWebDriver.findElementByXPath(RemoteWebDriver.java:428)
	at org.openqa.selenium.By$ByXPath.findElement(By.java:353)
	at org.openqa.selenium.remote.RemoteWebDriver.findElement(RemoteWebDriver.java:315)
	at com.selenium.pages.PractoCorporateWellnessPage.getError3(PractoCorporateWellnessPage.java:62)
	at com.selenium.tests.TestBase.testDisplayError3(TestBase.java:221)
	at java.base/java.util.ArrayList.forEach(ArrayList.java:1507)
	at java.base/java.util.concurrent.FutureTask.run(FutureTask.java:264)
	at java.base/java.util.concurrent.ThreadPoolExecutor.runWorker(ThreadPoolExecutor.java:1128)
	at java.base/java.util.concurrent.ThreadPoolExecutor$Worker.run(ThreadPoolExecutor.java:628)
	at java.base/java.lang.Thread.run(Thread.java:830)
... Removed 18 stack frames
</div> <!-- stack-trace -->
                </div> <!-- method-content -->
              </div> <!-- method -->
              <div class="method">
                <div class="method-content">
                  <a name="testDisplayError4">
                  </a> <!-- testDisplayError4 -->
                  <span class="method-name">testDisplayError4</span>
                  <div class="stack-trace">org.openqa.selenium.NoSuchSessionException: Session ID is null. Using WebDriver after calling quit()?
Build info: version: &apos;3.141.59&apos;, revision: &apos;e82be7d358&apos;, time: &apos;2018-11-14T08:25:53&apos;
System info: host: &apos;DESKTOP-075QGOI&apos;, ip: &apos;192.168.1.6&apos;, os.name: &apos;Windows 10&apos;, os.arch: &apos;amd64&apos;, os.version: &apos;10.0&apos;, java.version: &apos;13.0.2&apos;
Driver info: driver.version: RemoteWebDriver
	at org.openqa.selenium.remote.HttpCommandExecutor.execute(HttpCommandExecutor.java:125)
	at org.openqa.selenium.remote.service.DriverCommandExecutor.execute(DriverCommandExecutor.java:83)
	at org.openqa.selenium.remote.RemoteWebDriver.execute(RemoteWebDriver.java:552)
	at org.openqa.selenium.remote.RemoteWebDriver.findElement(RemoteWebDriver.java:323)
	at org.openqa.selenium.remote.RemoteWebDriver.findElementByXPath(RemoteWebDriver.java:428)
	at org.openqa.selenium.By$ByXPath.findElement(By.java:353)
	at org.openqa.selenium.remote.RemoteWebDriver.findElement(RemoteWebDriver.java:315)
	at com.selenium.pages.PractoCorporateWellnessPage.getError4(PractoCorporateWellnessPage.java:83)
	at com.selenium.tests.TestBase.testDisplayError4(TestBase.java:237)
	at java.base/java.util.ArrayList.forEach(ArrayList.java:1507)
	at java.base/java.util.concurrent.FutureTask.run(FutureTask.java:264)
	at java.base/java.util.concurrent.ThreadPoolExecutor.runWorker(ThreadPoolExecutor.java:1128)
	at java.base/java.util.concurrent.ThreadPoolExecutor$Worker.run(ThreadPoolExecutor.java:628)
	at java.base/java.lang.Thread.run(Thread.java:830)
... Removed 18 stack frames
</div> <!-- stack-trace -->
                </div> <!-- method-content -->
              </div> <!-- method -->
              <div class="method">
                <div class="method-content">
                  <a name="testDisplaySuccessMessage">
                  </a> <!-- testDisplaySuccessMessage -->
                  <span class="method-name">testDisplaySuccessMessage</span>
                  <div class="stack-trace">org.openqa.selenium.NoSuchSessionException: Session ID is null. Using WebDriver after calling quit()?
Build info: version: &apos;3.141.59&apos;, revision: &apos;e82be7d358&apos;, time: &apos;2018-11-14T08:25:53&apos;
System info: host: &apos;DESKTOP-075QGOI&apos;, ip: &apos;192.168.1.6&apos;, os.name: &apos;Windows 10&apos;, os.arch: &apos;amd64&apos;, os.version: &apos;10.0&apos;, java.version: &apos;13.0.2&apos;
Driver info: driver.version: RemoteWebDriver
	at org.openqa.selenium.remote.HttpCommandExecutor.execute(HttpCommandExecutor.java:125)
	at org.openqa.selenium.remote.service.DriverCommandExecutor.execute(DriverCommandExecutor.java:83)
	at org.openqa.selenium.remote.RemoteWebDriver.execute(RemoteWebDriver.java:552)
	at org.openqa.selenium.remote.RemoteWebDriver.findElement(RemoteWebDriver.java:323)
	at org.openqa.selenium.remote.RemoteWebDriver.findElementByXPath(RemoteWebDriver.java:428)
	at org.openqa.selenium.By$ByXPath.findElement(By.java:353)
	at org.openqa.selenium.remote.RemoteWebDriver.findElement(RemoteWebDriver.java:315)
	at com.selenium.pages.PractoCorporateWellnessPage.getSuccessMessage(PractoCorporateWellnessPage.java:106)
	at com.selenium.tests.TestBase.testDisplaySuccessMessage(TestBase.java:252)
	at java.base/java.util.ArrayList.forEach(ArrayList.java:1507)
	at java.base/java.util.concurrent.FutureTask.run(FutureTask.java:264)
	at java.base/java.util.concurrent.ThreadPoolExecutor.runWorker(ThreadPoolExecutor.java:1128)
	at java.base/java.util.concurrent.ThreadPoolExecutor$Worker.run(ThreadPoolExecutor.java:628)
	at java.base/java.lang.Thread.run(Thread.java:830)
... Removed 18 stack frames
</div> <!-- stack-trace -->
                </div> <!-- method-content -->
              </div> <!-- method -->
              <div class="method">
                <div class="method-content">
                  <a name="testFilter">
                  </a> <!-- testFilter -->
                  <span class="method-name">testFilter</span>
                  <div class="stack-trace">org.openqa.selenium.NoSuchSessionException: Session ID is null. Using WebDriver after calling quit()?
Build info: version: &apos;3.141.59&apos;, revision: &apos;e82be7d358&apos;, time: &apos;2018-11-14T08:25:53&apos;
System info: host: &apos;DESKTOP-075QGOI&apos;, ip: &apos;192.168.1.6&apos;, os.name: &apos;Windows 10&apos;, os.arch: &apos;amd64&apos;, os.version: &apos;10.0&apos;, java.version: &apos;13.0.2&apos;
Driver info: driver.version: RemoteWebDriver
	at org.openqa.selenium.remote.HttpCommandExecutor.execute(HttpCommandExecutor.java:125)
	at org.openqa.selenium.remote.service.DriverCommandExecutor.execute(DriverCommandExecutor.java:83)
	at org.openqa.selenium.remote.RemoteWebDriver.execute(RemoteWebDriver.java:552)
	at org.openqa.selenium.remote.RemoteWebDriver.findElement(RemoteWebDriver.java:323)
	at org.openqa.selenium.remote.RemoteWebDriver.findElementByXPath(RemoteWebDriver.java:428)
	at org.openqa.selenium.By$ByXPath.findElement(By.java:353)
	at org.openqa.selenium.remote.RemoteWebDriver.findElement(RemoteWebDriver.java:315)
	at com.selenium.pages.PractoSearchHospitalsPage.setParking(PractoSearchHospitalsPage.java:36)
	at com.selenium.tests.TestBase.testFilter(TestBase.java:130)
	at java.base/java.util.ArrayList.forEach(ArrayList.java:1507)
	at java.base/java.util.concurrent.FutureTask.run(FutureTask.java:264)
	at java.base/java.util.concurrent.ThreadPoolExecutor.runWorker(ThreadPoolExecutor.java:1128)
	at java.base/java.util.concurrent.ThreadPoolExecutor$Worker.run(ThreadPoolExecutor.java:628)
	at java.base/java.lang.Thread.run(Thread.java:830)
... Removed 18 stack frames
</div> <!-- stack-trace -->
                </div> <!-- method-content -->
              </div> <!-- method -->
              <div class="method">
                <div class="method-content">
                  <a name="testFilterButton">
                  </a> <!-- testFilterButton -->
                  <span class="method-name">testFilterButton</span>
                  <div class="stack-trace">org.openqa.selenium.NoSuchSessionException: Session ID is null. Using WebDriver after calling quit()?
Build info: version: &apos;3.141.59&apos;, revision: &apos;e82be7d358&apos;, time: &apos;2018-11-14T08:25:53&apos;
System info: host: &apos;DESKTOP-075QGOI&apos;, ip: &apos;192.168.1.6&apos;, os.name: &apos;Windows 10&apos;, os.arch: &apos;amd64&apos;, os.version: &apos;10.0&apos;, java.version: &apos;13.0.2&apos;
Driver info: driver.version: RemoteWebDriver
	at org.openqa.selenium.remote.HttpCommandExecutor.execute(HttpCommandExecutor.java:125)
	at org.openqa.selenium.remote.service.DriverCommandExecutor.execute(DriverCommandExecutor.java:83)
	at org.openqa.selenium.remote.RemoteWebDriver.execute(RemoteWebDriver.java:552)
	at org.openqa.selenium.remote.RemoteWebDriver.findElement(RemoteWebDriver.java:323)
	at org.openqa.selenium.remote.RemoteWebDriver.findElementByXPath(RemoteWebDriver.java:428)
	at org.openqa.selenium.By$ByXPath.findElement(By.java:353)
	at org.openqa.selenium.remote.RemoteWebDriver.findElement(RemoteWebDriver.java:315)
	at com.selenium.pages.PractoSearchHospitalsPage.filterButton(PractoSearchHospitalsPage.java:30)
	at com.selenium.tests.TestBase.testFilterButton(TestBase.java:123)
	at java.base/java.util.ArrayList.forEach(ArrayList.java:1507)
	at java.base/java.util.concurrent.FutureTask.run(FutureTask.java:264)
	at java.base/java.util.concurrent.ThreadPoolExecutor.runWorker(ThreadPoolExecutor.java:1128)
	at java.base/java.util.concurrent.ThreadPoolExecutor$Worker.run(ThreadPoolExecutor.java:628)
	at java.base/java.lang.Thread.run(Thread.java:830)
... Removed 18 stack frames
</div> <!-- stack-trace -->
                </div> <!-- method-content -->
              </div> <!-- method -->
              <div class="method">
                <div class="method-content">
                  <a name="testGetTopCities">
                  </a> <!-- testGetTopCities -->
                  <span class="method-name">testGetTopCities</span>
                  <div class="stack-trace">org.openqa.selenium.NoSuchSessionException: Session ID is null. Using WebDriver after calling quit()?
Build info: version: &apos;3.141.59&apos;, revision: &apos;e82be7d358&apos;, time: &apos;2018-11-14T08:25:53&apos;
System info: host: &apos;DESKTOP-075QGOI&apos;, ip: &apos;192.168.1.6&apos;, os.name: &apos;Windows 10&apos;, os.arch: &apos;amd64&apos;, os.version: &apos;10.0&apos;, java.version: &apos;13.0.2&apos;
Driver info: driver.version: RemoteWebDriver
	at org.openqa.selenium.remote.HttpCommandExecutor.execute(HttpCommandExecutor.java:125)
	at org.openqa.selenium.remote.service.DriverCommandExecutor.execute(DriverCommandExecutor.java:83)
	at org.openqa.selenium.remote.RemoteWebDriver.execute(RemoteWebDriver.java:552)
	at org.openqa.selenium.remote.RemoteWebDriver.findElement(RemoteWebDriver.java:323)
	at org.openqa.selenium.remote.RemoteWebDriver.findElementByXPath(RemoteWebDriver.java:428)
	at org.openqa.selenium.By$ByXPath.findElement(By.java:353)
	at org.openqa.selenium.remote.RemoteWebDriver.findElement(RemoteWebDriver.java:315)
	at org.openqa.selenium.support.ui.ExpectedConditions$6.apply(ExpectedConditions.java:182)
	at org.openqa.selenium.support.ui.ExpectedConditions$6.apply(ExpectedConditions.java:179)
	at org.openqa.selenium.support.ui.FluentWait.until(FluentWait.java:249)
	at com.selenium.pages.PractoDiagnosticsPage.getTopCities(PractoDiagnosticsPage.java:28)
	at com.selenium.tests.TestBase.testGetTopCities(TestBase.java:159)
	at java.base/java.util.ArrayList.forEach(ArrayList.java:1507)
	at java.base/java.util.concurrent.FutureTask.run(FutureTask.java:264)
	at java.base/java.util.concurrent.ThreadPoolExecutor.runWorker(ThreadPoolExecutor.java:1128)
	at java.base/java.util.concurrent.ThreadPoolExecutor$Worker.run(ThreadPoolExecutor.java:628)
	at java.base/java.lang.Thread.run(Thread.java:830)
... Removed 18 stack frames
</div> <!-- stack-trace -->
                </div> <!-- method-content -->
              </div> <!-- method -->
              <div class="method">
                <div class="method-content">
                  <a name="testHospsWithRatings">
                  </a> <!-- testHospsWithRatings -->
                  <span class="method-name">testHospsWithRatings</span>
                  <div class="stack-trace">org.openqa.selenium.NoSuchSessionException: Session ID is null. Using WebDriver after calling quit()?
Build info: version: &apos;3.141.59&apos;, revision: &apos;e82be7d358&apos;, time: &apos;2018-11-14T08:25:53&apos;
System info: host: &apos;DESKTOP-075QGOI&apos;, ip: &apos;192.168.1.6&apos;, os.name: &apos;Windows 10&apos;, os.arch: &apos;amd64&apos;, os.version: &apos;10.0&apos;, java.version: &apos;13.0.2&apos;
Driver info: driver.version: RemoteWebDriver
	at org.openqa.selenium.remote.HttpCommandExecutor.execute(HttpCommandExecutor.java:125)
	at org.openqa.selenium.remote.service.DriverCommandExecutor.execute(DriverCommandExecutor.java:83)
	at org.openqa.selenium.remote.RemoteWebDriver.execute(RemoteWebDriver.java:552)
	at org.openqa.selenium.remote.RemoteWebDriver.findElements(RemoteWebDriver.java:353)
	at org.openqa.selenium.remote.RemoteWebDriver.findElementsByXPath(RemoteWebDriver.java:432)
	at org.openqa.selenium.By$ByXPath.findElements(By.java:348)
	at org.openqa.selenium.remote.RemoteWebDriver.findElements(RemoteWebDriver.java:311)
	at com.selenium.pages.PractoSearchHospitalsPage.findHospsWithRatings(PractoSearchHospitalsPage.java:67)
	at com.selenium.tests.TestBase.testHospsWithRatings(TestBase.java:145)
	at java.base/java.util.ArrayList.forEach(ArrayList.java:1507)
	at java.base/java.util.concurrent.FutureTask.run(FutureTask.java:264)
	at java.base/java.util.concurrent.ThreadPoolExecutor.runWorker(ThreadPoolExecutor.java:1128)
	at java.base/java.util.concurrent.ThreadPoolExecutor$Worker.run(ThreadPoolExecutor.java:628)
	at java.base/java.lang.Thread.run(Thread.java:830)
... Removed 18 stack frames
</div> <!-- stack-trace -->
                </div> <!-- method-content -->
              </div> <!-- method -->
              <div class="method">
                <div class="method-content">
                  <a name="testScroll">
                  </a> <!-- testScroll -->
                  <span class="method-name">testScroll</span>
                  <div class="stack-trace">org.openqa.selenium.NoSuchSessionException: Session ID is null. Using WebDriver after calling quit()?
Build info: version: &apos;3.141.59&apos;, revision: &apos;e82be7d358&apos;, time: &apos;2018-11-14T08:25:53&apos;
System info: host: &apos;DESKTOP-075QGOI&apos;, ip: &apos;192.168.1.6&apos;, os.name: &apos;Windows 10&apos;, os.arch: &apos;amd64&apos;, os.version: &apos;10.0&apos;, java.version: &apos;13.0.2&apos;
Driver info: driver.version: RemoteWebDriver
	at org.openqa.selenium.remote.HttpCommandExecutor.execute(HttpCommandExecutor.java:125)
	at org.openqa.selenium.remote.service.DriverCommandExecutor.execute(DriverCommandExecutor.java:83)
	at org.openqa.selenium.remote.RemoteWebDriver.execute(RemoteWebDriver.java:552)
	at org.openqa.selenium.remote.RemoteWebDriver.executeScript(RemoteWebDriver.java:489)
	at com.selenium.pages.PractoSearchHospitalsPage.scrollDown(PractoSearchHospitalsPage.java:44)
	at com.selenium.tests.TestBase.testScroll(TestBase.java:138)
	at java.base/java.util.ArrayList.forEach(ArrayList.java:1507)
	at java.base/java.util.concurrent.FutureTask.run(FutureTask.java:264)
	at java.base/java.util.concurrent.ThreadPoolExecutor.runWorker(ThreadPoolExecutor.java:1128)
	at java.base/java.util.concurrent.ThreadPoolExecutor$Worker.run(ThreadPoolExecutor.java:628)
	at java.base/java.lang.Thread.run(Thread.java:830)
... Removed 18 stack frames
</div> <!-- stack-trace -->
                </div> <!-- method-content -->
              </div> <!-- method -->
              <div class="method">
                <div class="method-content">
                  <a name="testValidDetails">
                  </a> <!-- testValidDetails -->
                  <span class="method-name">testValidDetails</span>
                  <div class="stack-trace">org.openqa.selenium.NoSuchSessionException: Session ID is null. Using WebDriver after calling quit()?
Build info: version: &apos;3.141.59&apos;, revision: &apos;e82be7d358&apos;, time: &apos;2018-11-14T08:25:53&apos;
System info: host: &apos;DESKTOP-075QGOI&apos;, ip: &apos;192.168.1.6&apos;, os.name: &apos;Windows 10&apos;, os.arch: &apos;amd64&apos;, os.version: &apos;10.0&apos;, java.version: &apos;13.0.2&apos;
Driver info: driver.version: RemoteWebDriver
	at org.openqa.selenium.remote.HttpCommandExecutor.execute(HttpCommandExecutor.java:125)
	at org.openqa.selenium.remote.service.DriverCommandExecutor.execute(DriverCommandExecutor.java:83)
	at org.openqa.selenium.remote.RemoteWebDriver.execute(RemoteWebDriver.java:552)
	at org.openqa.selenium.remote.RemoteWebDriver.findElement(RemoteWebDriver.java:323)
	at org.openqa.selenium.remote.RemoteWebDriver.findElementByXPath(RemoteWebDriver.java:428)
	at org.openqa.selenium.By$ByXPath.findElement(By.java:353)
	at org.openqa.selenium.remote.RemoteWebDriver.findElement(RemoteWebDriver.java:315)
	at com.selenium.pages.PractoHomePage.setLocation(PractoHomePage.java:25)
	at com.selenium.tests.TestBase.testValidDetails(TestBase.java:108)
	at java.base/java.util.ArrayList.forEach(ArrayList.java:1507)
	at java.base/java.util.concurrent.FutureTask.run(FutureTask.java:264)
	at java.base/java.util.concurrent.ThreadPoolExecutor.runWorker(ThreadPoolExecutor.java:1128)
	at java.base/java.util.concurrent.ThreadPoolExecutor$Worker.run(ThreadPoolExecutor.java:628)
	at java.base/java.lang.Thread.run(Thread.java:830)
... Removed 18 stack frames
</div> <!-- stack-trace -->
                </div> <!-- method-content -->
              </div> <!-- method -->
              <div class="method">
                <div class="method-content">
                  <a name="testcWellnessPage">
                  </a> <!-- testcWellnessPage -->
                  <span class="method-name">testcWellnessPage</span>
                  <div class="stack-trace">org.openqa.selenium.NoSuchSessionException: Session ID is null. Using WebDriver after calling quit()?
Build info: version: &apos;3.141.59&apos;, revision: &apos;e82be7d358&apos;, time: &apos;2018-11-14T08:25:53&apos;
System info: host: &apos;DESKTOP-075QGOI&apos;, ip: &apos;192.168.1.6&apos;, os.name: &apos;Windows 10&apos;, os.arch: &apos;amd64&apos;, os.version: &apos;10.0&apos;, java.version: &apos;13.0.2&apos;
Driver info: driver.version: RemoteWebDriver
	at org.openqa.selenium.remote.HttpCommandExecutor.execute(HttpCommandExecutor.java:125)
	at org.openqa.selenium.remote.service.DriverCommandExecutor.execute(DriverCommandExecutor.java:83)
	at org.openqa.selenium.remote.RemoteWebDriver.execute(RemoteWebDriver.java:552)
	at org.openqa.selenium.remote.RemoteWebDriver.get(RemoteWebDriver.java:277)
	at com.selenium.pages.PractoCorporateWellnessPage.corporateWellnessPage(PractoCorporateWellnessPage.java:15)
	at com.selenium.tests.TestBase.testcWellnessPage(TestBase.java:173)
	at java.base/java.util.ArrayList.forEach(ArrayList.java:1507)
	at java.base/java.util.concurrent.FutureTask.run(FutureTask.java:264)
	at java.base/java.util.concurrent.ThreadPoolExecutor.runWorker(ThreadPoolExecutor.java:1128)
	at java.base/java.util.concurrent.ThreadPoolExecutor$Worker.run(ThreadPoolExecutor.java:628)
	at java.base/java.lang.Thread.run(Thread.java:830)
... Removed 18 stack frames
</div> <!-- stack-trace -->
                </div> <!-- method-content -->
              </div> <!-- method -->
              <div class="method">
                <div class="method-content">
                  <a name="validDetailsCorporateWellness">
                  </a> <!-- validDetailsCorporateWellness -->
                  <span class="method-name">validDetailsCorporateWellness</span>
                  <div class="stack-trace">org.openqa.selenium.NoSuchSessionException: Session ID is null. Using WebDriver after calling quit()?
Build info: version: &apos;3.141.59&apos;, revision: &apos;e82be7d358&apos;, time: &apos;2018-11-14T08:25:53&apos;
System info: host: &apos;DESKTOP-075QGOI&apos;, ip: &apos;192.168.1.6&apos;, os.name: &apos;Windows 10&apos;, os.arch: &apos;amd64&apos;, os.version: &apos;10.0&apos;, java.version: &apos;13.0.2&apos;
Driver info: driver.version: RemoteWebDriver
	at org.openqa.selenium.remote.HttpCommandExecutor.execute(HttpCommandExecutor.java:125)
	at org.openqa.selenium.remote.service.DriverCommandExecutor.execute(DriverCommandExecutor.java:83)
	at org.openqa.selenium.remote.RemoteWebDriver.execute(RemoteWebDriver.java:552)
	at org.openqa.selenium.remote.RemoteWebDriver.findElement(RemoteWebDriver.java:323)
	at org.openqa.selenium.remote.RemoteWebDriver.findElementByXPath(RemoteWebDriver.java:428)
	at org.openqa.selenium.By$ByXPath.findElement(By.java:353)
	at org.openqa.selenium.remote.RemoteWebDriver.findElement(RemoteWebDriver.java:315)
	at com.selenium.pages.PractoCorporateWellnessPage.validDetails5(PractoCorporateWellnessPage.java:92)
	at com.selenium.tests.TestBase.validDetailsCorporateWellness(TestBase.java:245)
	at java.base/java.util.ArrayList.forEach(ArrayList.java:1507)
	at java.base/java.util.concurrent.FutureTask.run(FutureTask.java:264)
	at java.base/java.util.concurrent.ThreadPoolExecutor.runWorker(ThreadPoolExecutor.java:1128)
	at java.base/java.util.concurrent.ThreadPoolExecutor$Worker.run(ThreadPoolExecutor.java:628)
	at java.base/java.lang.Thread.run(Thread.java:830)
... Removed 18 stack frames
</div> <!-- stack-trace -->
                </div> <!-- method-content -->
              </div> <!-- method -->
            </div> <!-- main-panel-content rounded-window-bottom -->
          </div> <!-- suite-TestSuite-class-failed -->
          <div class="suite-TestSuite-class-passed">
            <div class="main-panel-header rounded-window-top">
              <img src="passed.png"/>
              <span class="class-name">com.selenium.tests.TestBase</span>
            </div> <!-- main-panel-header rounded-window-top -->
            <div class="main-panel-content rounded-window-bottom">
              <div class="method">
                <div class="method-content">
                  <a name="UrlTesting">
                  </a> <!-- UrlTesting -->
                  <span class="method-name">UrlTesting</span>
                </div> <!-- method-content -->
              </div> <!-- method -->
              <div class="method">
                <div class="method-content">
                  <a name="UrlTesting">
                  </a> <!-- UrlTesting -->
                  <span class="method-name">UrlTesting</span>
                </div> <!-- method-content -->
              </div> <!-- method -->
              <div class="method">
                <div class="method-content">
                  <a name="inValidName">
                  </a> <!-- inValidName -->
                  <span class="method-name">inValidName</span>
                </div> <!-- method-content -->
              </div> <!-- method -->
              <div class="method">
                <div class="method-content">
                  <a name="inValidName">
                  </a> <!-- inValidName -->
                  <span class="method-name">inValidName</span>
                </div> <!-- method-content -->
              </div> <!-- method -->
              <div class="method">
                <div class="method-content">
                  <a name="invalidDetails1">
                  </a> <!-- invalidDetails1 -->
                  <span class="method-name">invalidDetails1</span>
                </div> <!-- method-content -->
              </div> <!-- method -->
              <div class="method">
                <div class="method-content">
                  <a name="invalidDetails1">
                  </a> <!-- invalidDetails1 -->
                  <span class="method-name">invalidDetails1</span>
                </div> <!-- method-content -->
              </div> <!-- method -->
              <div class="method">
                <div class="method-content">
                  <a name="invalidDetails1">
                  </a> <!-- invalidDetails1 -->
                  <span class="method-name">invalidDetails1</span>
                </div> <!-- method-content -->
              </div> <!-- method -->
              <div class="method">
                <div class="method-content">
                  <a name="invalidDetails2">
                  </a> <!-- invalidDetails2 -->
                  <span class="method-name">invalidDetails2</span>
                </div> <!-- method-content -->
              </div> <!-- method -->
              <div class="method">
                <div class="method-content">
                  <a name="invalidDetails2">
                  </a> <!-- invalidDetails2 -->
                  <span class="method-name">invalidDetails2</span>
                </div> <!-- method-content -->
              </div> <!-- method -->
              <div class="method">
                <div class="method-content">
                  <a name="invalidDetails3">
                  </a> <!-- invalidDetails3 -->
                  <span class="method-name">invalidDetails3</span>
                </div> <!-- method-content -->
              </div> <!-- method -->
              <div class="method">
                <div class="method-content">
                  <a name="invalidDetails3">
                  </a> <!-- invalidDetails3 -->
                  <span class="method-name">invalidDetails3</span>
                </div> <!-- method-content -->
              </div> <!-- method -->
              <div class="method">
                <div class="method-content">
                  <a name="invalidDetails4">
                  </a> <!-- invalidDetails4 -->
                  <span class="method-name">invalidDetails4</span>
                </div> <!-- method-content -->
              </div> <!-- method -->
              <div class="method">
                <div class="method-content">
                  <a name="invalidDetails4">
                  </a> <!-- invalidDetails4 -->
                  <span class="method-name">invalidDetails4</span>
                </div> <!-- method-content -->
              </div> <!-- method -->
              <div class="method">
                <div class="method-content">
                  <a name="testCondition">
                  </a> <!-- testCondition -->
                  <span class="method-name">testCondition</span>
                </div> <!-- method-content -->
              </div> <!-- method -->
              <div class="method">
                <div class="method-content">
                  <a name="testCondition">
                  </a> <!-- testCondition -->
                  <span class="method-name">testCondition</span>
                </div> <!-- method-content -->
              </div> <!-- method -->
              <div class="method">
                <div class="method-content">
                  <a name="testDiagnosticspage">
                  </a> <!-- testDiagnosticspage -->
                  <span class="method-name">testDiagnosticspage</span>
                </div> <!-- method-content -->
              </div> <!-- method -->
              <div class="method">
                <div class="method-content">
                  <a name="testDiagnosticspage">
                  </a> <!-- testDiagnosticspage -->
                  <span class="method-name">testDiagnosticspage</span>
                </div> <!-- method-content -->
              </div> <!-- method -->
              <div class="method">
                <div class="method-content">
                  <a name="testDisplayError1">
                  </a> <!-- testDisplayError1 -->
                  <span class="method-name">testDisplayError1</span>
                </div> <!-- method-content -->
              </div> <!-- method -->
              <div class="method">
                <div class="method-content">
                  <a name="testDisplayError1">
                  </a> <!-- testDisplayError1 -->
                  <span class="method-name">testDisplayError1</span>
                </div> <!-- method-content -->
              </div> <!-- method -->
              <div class="method">
                <div class="method-content">
                  <a name="testDisplayError2">
                  </a> <!-- testDisplayError2 -->
                  <span class="method-name">testDisplayError2</span>
                </div> <!-- method-content -->
              </div> <!-- method -->
              <div class="method">
                <div class="method-content">
                  <a name="testDisplayError2">
                  </a> <!-- testDisplayError2 -->
                  <span class="method-name">testDisplayError2</span>
                </div> <!-- method-content -->
              </div> <!-- method -->
              <div class="method">
                <div class="method-content">
                  <a name="testDisplayError3">
                  </a> <!-- testDisplayError3 -->
                  <span class="method-name">testDisplayError3</span>
                </div> <!-- method-content -->
              </div> <!-- method -->
              <div class="method">
                <div class="method-content">
                  <a name="testDisplayError3">
                  </a> <!-- testDisplayError3 -->
                  <span class="method-name">testDisplayError3</span>
                </div> <!-- method-content -->
              </div> <!-- method -->
              <div class="method">
                <div class="method-content">
                  <a name="testDisplayError4">
                  </a> <!-- testDisplayError4 -->
                  <span class="method-name">testDisplayError4</span>
                </div> <!-- method-content -->
              </div> <!-- method -->
              <div class="method">
                <div class="method-content">
                  <a name="testDisplayError4">
                  </a> <!-- testDisplayError4 -->
                  <span class="method-name">testDisplayError4</span>
                </div> <!-- method-content -->
              </div> <!-- method -->
              <div class="method">
                <div class="method-content">
                  <a name="testDisplaySuccessMessage">
                  </a> <!-- testDisplaySuccessMessage -->
                  <span class="method-name">testDisplaySuccessMessage</span>
                </div> <!-- method-content -->
              </div> <!-- method -->
              <div class="method">
                <div class="method-content">
                  <a name="testDisplaySuccessMessage">
                  </a> <!-- testDisplaySuccessMessage -->
                  <span class="method-name">testDisplaySuccessMessage</span>
                </div> <!-- method-content -->
              </div> <!-- method -->
              <div class="method">
                <div class="method-content">
                  <a name="testDisplayTopCities">
                  </a> <!-- testDisplayTopCities -->
                  <span class="method-name">testDisplayTopCities</span>
                </div> <!-- method-content -->
              </div> <!-- method -->
              <div class="method">
                <div class="method-content">
                  <a name="testDisplayTopCities">
                  </a> <!-- testDisplayTopCities -->
                  <span class="method-name">testDisplayTopCities</span>
                </div> <!-- method-content -->
              </div> <!-- method -->
              <div class="method">
                <div class="method-content">
                  <a name="testDisplayTopCities">
                  </a> <!-- testDisplayTopCities -->
                  <span class="method-name">testDisplayTopCities</span>
                </div> <!-- method-content -->
              </div> <!-- method -->
              <div class="method">
                <div class="method-content">
                  <a name="testFilter">
                  </a> <!-- testFilter -->
                  <span class="method-name">testFilter</span>
                </div> <!-- method-content -->
              </div> <!-- method -->
              <div class="method">
                <div class="method-content">
                  <a name="testFilter">
                  </a> <!-- testFilter -->
                  <span class="method-name">testFilter</span>
                </div> <!-- method-content -->
              </div> <!-- method -->
              <div class="method">
                <div class="method-content">
                  <a name="testFilterButton">
                  </a> <!-- testFilterButton -->
                  <span class="method-name">testFilterButton</span>
                </div> <!-- method-content -->
              </div> <!-- method -->
              <div class="method">
                <div class="method-content">
                  <a name="testFilterButton">
                  </a> <!-- testFilterButton -->
                  <span class="method-name">testFilterButton</span>
                </div> <!-- method-content -->
              </div> <!-- method -->
              <div class="method">
                <div class="method-content">
                  <a name="testGetTopCities">
                  </a> <!-- testGetTopCities -->
                  <span class="method-name">testGetTopCities</span>
                </div> <!-- method-content -->
              </div> <!-- method -->
              <div class="method">
                <div class="method-content">
                  <a name="testGetTopCities">
                  </a> <!-- testGetTopCities -->
                  <span class="method-name">testGetTopCities</span>
                </div> <!-- method-content -->
              </div> <!-- method -->
              <div class="method">
                <div class="method-content">
                  <a name="testHospsWithRatings">
                  </a> <!-- testHospsWithRatings -->
                  <span class="method-name">testHospsWithRatings</span>
                </div> <!-- method-content -->
              </div> <!-- method -->
              <div class="method">
                <div class="method-content">
                  <a name="testHospsWithRatings">
                  </a> <!-- testHospsWithRatings -->
                  <span class="method-name">testHospsWithRatings</span>
                </div> <!-- method-content -->
              </div> <!-- method -->
              <div class="method">
                <div class="method-content">
                  <a name="testScroll">
                  </a> <!-- testScroll -->
                  <span class="method-name">testScroll</span>
                </div> <!-- method-content -->
              </div> <!-- method -->
              <div class="method">
                <div class="method-content">
                  <a name="testScroll">
                  </a> <!-- testScroll -->
                  <span class="method-name">testScroll</span>
                </div> <!-- method-content -->
              </div> <!-- method -->
              <div class="method">
                <div class="method-content">
                  <a name="testValidDetails">
                  </a> <!-- testValidDetails -->
                  <span class="method-name">testValidDetails</span>
                </div> <!-- method-content -->
              </div> <!-- method -->
              <div class="method">
                <div class="method-content">
                  <a name="testValidDetails">
                  </a> <!-- testValidDetails -->
                  <span class="method-name">testValidDetails</span>
                </div> <!-- method-content -->
              </div> <!-- method -->
              <div class="method">
                <div class="method-content">
                  <a name="testcWellnessPage">
                  </a> <!-- testcWellnessPage -->
                  <span class="method-name">testcWellnessPage</span>
                </div> <!-- method-content -->
              </div> <!-- method -->
              <div class="method">
                <div class="method-content">
                  <a name="testcWellnessPage">
                  </a> <!-- testcWellnessPage -->
                  <span class="method-name">testcWellnessPage</span>
                </div> <!-- method-content -->
              </div> <!-- method -->
              <div class="method">
                <div class="method-content">
                  <a name="validDetailsCorporateWellness">
                  </a> <!-- validDetailsCorporateWellness -->
                  <span class="method-name">validDetailsCorporateWellness</span>
                </div> <!-- method-content -->
              </div> <!-- method -->
              <div class="method">
                <div class="method-content">
                  <a name="validDetailsCorporateWellness">
                  </a> <!-- validDetailsCorporateWellness -->
                  <span class="method-name">validDetailsCorporateWellness</span>
                </div> <!-- method-content -->
              </div> <!-- method -->
            </div> <!-- main-panel-content rounded-window-bottom -->
          </div> <!-- suite-TestSuite-class-passed -->
        </div> <!-- panel TestSuite -->
        <div panel-name="test-xml-TestSuite" class="panel">
          <div class="main-panel-header rounded-window-top">
            <span class="header-content">C:\Users\Anshu Mishra\git\repository\clinicplus\FindHospital\testng.xml</span>
          </div> <!-- main-panel-header rounded-window-top -->
          <div class="main-panel-content rounded-window-bottom">
            <pre>
&lt;?xml version=&quot;1.0&quot; encoding=&quot;UTF-8&quot;?&gt;
&lt;!DOCTYPE suite SYSTEM &quot;https://testng.org/testng-1.0.dtd&quot;&gt;
&lt;suite thread-count=&quot;1&quot; parallel=&quot;tests&quot; name=&quot;TestSuite&quot; guice-stage=&quot;DEVELOPMENT&quot;&gt;
  &lt;test thread-count=&quot;1&quot; parallel=&quot;tests&quot; name=&quot;ChromeTest&quot;&gt;
    &lt;parameter name=&quot;browser&quot; value=&quot;chrome&quot;/&gt;
    &lt;classes&gt;
      &lt;class name=&quot;com.selenium.tests.TestBase&quot;/&gt;
    &lt;/classes&gt;
  &lt;/test&gt; &lt;!-- ChromeTest --&gt;
  &lt;test thread-count=&quot;1&quot; parallel=&quot;tests&quot; name=&quot;EdgeTest&quot;&gt;
    &lt;parameter name=&quot;browser&quot; value=&quot;edge&quot;/&gt;
    &lt;classes&gt;
      &lt;class name=&quot;com.selenium.tests.TestBase&quot;/&gt;
    &lt;/classes&gt;
  &lt;/test&gt; &lt;!-- EdgeTest --&gt;
  &lt;test thread-count=&quot;1&quot; parallel=&quot;tests&quot; name=&quot;FirefoxTest&quot;&gt;
    &lt;parameter name=&quot;browser&quot; value=&quot;firefox&quot;/&gt;
    &lt;classes&gt;
      &lt;class name=&quot;com.selenium.tests.TestBase&quot;/&gt;
    &lt;/classes&gt;
  &lt;/test&gt; &lt;!-- FirefoxTest --&gt;
&lt;/suite&gt; &lt;!-- TestSuite --&gt;
            </pre>
          </div> <!-- main-panel-content rounded-window-bottom -->
        </div> <!-- panel -->
        <div panel-name="testlist-TestSuite" class="panel">
          <div class="main-panel-header rounded-window-top">
            <span class="header-content">Tests for TestSuite</span>
          </div> <!-- main-panel-header rounded-window-top -->
          <div class="main-panel-content rounded-window-bottom">
            <ul>
              <li>
                <span class="test-name">ChromeTest (1 class)</span>
              </li>
              <li>
                <span class="test-name">EdgeTest (1 class)</span>
              </li>
              <li>
                <span class="test-name">FirefoxTest (1 class)</span>
              </li>
            </ul>
          </div> <!-- main-panel-content rounded-window-bottom -->
        </div> <!-- panel -->
        <div panel-name="group-TestSuite" class="panel">
          <div class="main-panel-header rounded-window-top">
            <span class="header-content">Groups for TestSuite</span>
          </div> <!-- main-panel-header rounded-window-top -->
          <div class="main-panel-content rounded-window-bottom">
          </div> <!-- main-panel-content rounded-window-bottom -->
        </div> <!-- panel -->
        <div panel-name="times-TestSuite" class="panel">
          <div class="main-panel-header rounded-window-top">
            <span class="header-content">Times for TestSuite</span>
          </div> <!-- main-panel-header rounded-window-top -->
          <div class="main-panel-content rounded-window-bottom">
            <div class="times-div">
              <script type="text/javascript">
suiteTableInitFunctions.push('tableData_TestSuite');
function tableData_TestSuite() {
var data = new google.visualization.DataTable();
data.addColumn('number', 'Number');
data.addColumn('string', 'Method');
data.addColumn('string', 'Class');
data.addColumn('number', 'Time (ms)');
data.addRows(69);
data.setCell(0, 0, 0)
data.setCell(0, 1, 'testcWellnessPage')
data.setCell(0, 2, 'com.selenium.tests.TestBase')
data.setCell(0, 3, 60193);
data.setCell(1, 0, 1)
data.setCell(1, 1, 'testScroll')
data.setCell(1, 2, 'com.selenium.tests.TestBase')
data.setCell(1, 3, 45410);
data.setCell(2, 0, 2)
data.setCell(2, 1, 'testScroll')
data.setCell(2, 2, 'com.selenium.tests.TestBase')
data.setCell(2, 3, 42712);
data.setCell(3, 0, 3)
data.setCell(3, 1, 'testDiagnosticspage')
data.setCell(3, 2, 'com.selenium.tests.TestBase')
data.setCell(3, 3, 33552);
data.setCell(4, 0, 4)
data.setCell(4, 1, 'testValidDetails')
data.setCell(4, 2, 'com.selenium.tests.TestBase')
data.setCell(4, 3, 31516);
data.setCell(5, 0, 5)
data.setCell(5, 1, 'testDiagnosticspage')
data.setCell(5, 2, 'com.selenium.tests.TestBase')
data.setCell(5, 3, 29068);
data.setCell(6, 0, 6)
data.setCell(6, 1, 'testcWellnessPage')
data.setCell(6, 2, 'com.selenium.tests.TestBase')
data.setCell(6, 3, 23846);
data.setCell(7, 0, 7)
data.setCell(7, 1, 'testValidDetails')
data.setCell(7, 2, 'com.selenium.tests.TestBase')
data.setCell(7, 3, 19360);
data.setCell(8, 0, 8)
data.setCell(8, 1, 'UrlTesting')
data.setCell(8, 2, 'com.selenium.tests.TestBase')
data.setCell(8, 3, 15103);
data.setCell(9, 0, 9)
data.setCell(9, 1, 'testHospsWithRatings')
data.setCell(9, 2, 'com.selenium.tests.TestBase')
data.setCell(9, 3, 10847);
data.setCell(10, 0, 10)
data.setCell(10, 1, 'testHospsWithRatings')
data.setCell(10, 2, 'com.selenium.tests.TestBase')
data.setCell(10, 3, 7173);
data.setCell(11, 0, 11)
data.setCell(11, 1, 'UrlTesting')
data.setCell(11, 2, 'com.selenium.tests.TestBase')
data.setCell(11, 3, 6437);
data.setCell(12, 0, 12)
data.setCell(12, 1, 'testCondition')
data.setCell(12, 2, 'com.selenium.tests.TestBase')
data.setCell(12, 3, 4598);
data.setCell(13, 0, 13)
data.setCell(13, 1, 'testFilterButton')
data.setCell(13, 2, 'com.selenium.tests.TestBase')
data.setCell(13, 3, 4134);
data.setCell(14, 0, 14)
data.setCell(14, 1, 'testFilterButton')
data.setCell(14, 2, 'com.selenium.tests.TestBase')
data.setCell(14, 3, 3912);
data.setCell(15, 0, 15)
data.setCell(15, 1, 'testCondition')
data.setCell(15, 2, 'com.selenium.tests.TestBase')
data.setCell(15, 3, 3543);
data.setCell(16, 0, 16)
data.setCell(16, 1, 'testFilter')
data.setCell(16, 2, 'com.selenium.tests.TestBase')
data.setCell(16, 3, 3366);
data.setCell(17, 0, 17)
data.setCell(17, 1, 'testFilter')
data.setCell(17, 2, 'com.selenium.tests.TestBase')
data.setCell(17, 3, 3142);
data.setCell(18, 0, 18)
data.setCell(18, 1, 'displayErrorInvalidName')
data.setCell(18, 2, 'com.selenium.tests.TestBase')
data.setCell(18, 3, 1261);
data.setCell(19, 0, 19)
data.setCell(19, 1, 'testDisplaySuccessMessage')
data.setCell(19, 2, 'com.selenium.tests.TestBase')
data.setCell(19, 3, 1168);
data.setCell(20, 0, 20)
data.setCell(20, 1, 'testDisplaySuccessMessage')
data.setCell(20, 2, 'com.selenium.tests.TestBase')
data.setCell(20, 3, 1086);
data.setCell(21, 0, 21)
data.setCell(21, 1, 'displayErrorInvalidName')
data.setCell(21, 2, 'com.selenium.tests.TestBase')
data.setCell(21, 3, 1066);
data.setCell(22, 0, 22)
data.setCell(22, 1, 'inValidName')
data.setCell(22, 2, 'com.selenium.tests.TestBase')
data.setCell(22, 3, 832);
data.setCell(23, 0, 23)
data.setCell(23, 1, 'validDetailsCorporateWellness')
data.setCell(23, 2, 'com.selenium.tests.TestBase')
data.setCell(23, 3, 799);
data.setCell(24, 0, 24)
data.setCell(24, 1, 'invalidDetails4')
data.setCell(24, 2, 'com.selenium.tests.TestBase')
data.setCell(24, 3, 685);
data.setCell(25, 0, 25)
data.setCell(25, 1, 'testGetTopCities')
data.setCell(25, 2, 'com.selenium.tests.TestBase')
data.setCell(25, 3, 610);
data.setCell(26, 0, 26)
data.setCell(26, 1, 'testDisplayError1')
data.setCell(26, 2, 'com.selenium.tests.TestBase')
data.setCell(26, 3, 546);
data.setCell(27, 0, 27)
data.setCell(27, 1, 'invalidDetails2')
data.setCell(27, 2, 'com.selenium.tests.TestBase')
data.setCell(27, 3, 472);
data.setCell(28, 0, 28)
data.setCell(28, 1, 'invalidDetails3')
data.setCell(28, 2, 'com.selenium.tests.TestBase')
data.setCell(28, 3, 465);
data.setCell(29, 0, 29)
data.setCell(29, 1, 'testGetTopCities')
data.setCell(29, 2, 'com.selenium.tests.TestBase')
data.setCell(29, 3, 461);
data.setCell(30, 0, 30)
data.setCell(30, 1, 'inValidName')
data.setCell(30, 2, 'com.selenium.tests.TestBase')
data.setCell(30, 3, 373);
data.setCell(31, 0, 31)
data.setCell(31, 1, 'validDetailsCorporateWellness')
data.setCell(31, 2, 'com.selenium.tests.TestBase')
data.setCell(31, 3, 292);
data.setCell(32, 0, 32)
data.setCell(32, 1, 'invalidDetails4')
data.setCell(32, 2, 'com.selenium.tests.TestBase')
data.setCell(32, 3, 270);
data.setCell(33, 0, 33)
data.setCell(33, 1, 'invalidDetails3')
data.setCell(33, 2, 'com.selenium.tests.TestBase')
data.setCell(33, 3, 230);
data.setCell(34, 0, 34)
data.setCell(34, 1, 'testDisplayError1')
data.setCell(34, 2, 'com.selenium.tests.TestBase')
data.setCell(34, 3, 217);
data.setCell(35, 0, 35)
data.setCell(35, 1, 'invalidDetails2')
data.setCell(35, 2, 'com.selenium.tests.TestBase')
data.setCell(35, 3, 191);
data.setCell(36, 0, 36)
data.setCell(36, 1, 'invalidDetails1')
data.setCell(36, 2, 'com.selenium.tests.TestBase')
data.setCell(36, 3, 123);
data.setCell(37, 0, 37)
data.setCell(37, 1, 'testDisplayError2')
data.setCell(37, 2, 'com.selenium.tests.TestBase')
data.setCell(37, 3, 114);
data.setCell(38, 0, 38)
data.setCell(38, 1, 'testValidDetails')
data.setCell(38, 2, 'com.selenium.tests.TestBase')
data.setCell(38, 3, 90);
data.setCell(39, 0, 39)
data.setCell(39, 1, 'testDisplayError3')
data.setCell(39, 2, 'com.selenium.tests.TestBase')
data.setCell(39, 3, 74);
data.setCell(40, 0, 40)
data.setCell(40, 1, 'testDisplayError4')
data.setCell(40, 2, 'com.selenium.tests.TestBase')
data.setCell(40, 3, 73);
data.setCell(41, 0, 41)
data.setCell(41, 1, 'testDisplayError4')
data.setCell(41, 2, 'com.selenium.tests.TestBase')
data.setCell(41, 3, 70);
data.setCell(42, 0, 42)
data.setCell(42, 1, 'testDisplayError2')
data.setCell(42, 2, 'com.selenium.tests.TestBase')
data.setCell(42, 3, 65);
data.setCell(43, 0, 43)
data.setCell(43, 1, 'testDisplayError3')
data.setCell(43, 2, 'com.selenium.tests.TestBase')
data.setCell(43, 3, 62);
data.setCell(44, 0, 44)
data.setCell(44, 1, 'invalidDetails1')
data.setCell(44, 2, 'com.selenium.tests.TestBase')
data.setCell(44, 3, 62);
data.setCell(45, 0, 45)
data.setCell(45, 1, 'invalidDetails1')
data.setCell(45, 2, 'com.selenium.tests.TestBase')
data.setCell(45, 3, 50);
data.setCell(46, 0, 46)
data.setCell(46, 1, 'invalidDetails4')
data.setCell(46, 2, 'com.selenium.tests.TestBase')
data.setCell(46, 3, 50);
data.setCell(47, 0, 47)
data.setCell(47, 1, 'validDetailsCorporateWellness')
data.setCell(47, 2, 'com.selenium.tests.TestBase')
data.setCell(47, 3, 45);
data.setCell(48, 0, 48)
data.setCell(48, 1, 'invalidDetails3')
data.setCell(48, 2, 'com.selenium.tests.TestBase')
data.setCell(48, 3, 43);
data.setCell(49, 0, 49)
data.setCell(49, 1, 'invalidDetails2')
data.setCell(49, 2, 'com.selenium.tests.TestBase')
data.setCell(49, 3, 42);
data.setCell(50, 0, 50)
data.setCell(50, 1, 'inValidName')
data.setCell(50, 2, 'com.selenium.tests.TestBase')
data.setCell(50, 3, 37);
data.setCell(51, 0, 51)
data.setCell(51, 1, 'testDisplayError3')
data.setCell(51, 2, 'com.selenium.tests.TestBase')
data.setCell(51, 3, 7);
data.setCell(52, 0, 52)
data.setCell(52, 1, 'displayErrorInvalidName')
data.setCell(52, 2, 'com.selenium.tests.TestBase')
data.setCell(52, 3, 5);
data.setCell(53, 0, 53)
data.setCell(53, 1, 'testCondition')
data.setCell(53, 2, 'com.selenium.tests.TestBase')
data.setCell(53, 3, 4);
data.setCell(54, 0, 54)
data.setCell(54, 1, 'testGetTopCities')
data.setCell(54, 2, 'com.selenium.tests.TestBase')
data.setCell(54, 3, 3);
data.setCell(55, 0, 55)
data.setCell(55, 1, 'UrlTesting')
data.setCell(55, 2, 'com.selenium.tests.TestBase')
data.setCell(55, 3, 3);
data.setCell(56, 0, 56)
data.setCell(56, 1, 'testFilterButton')
data.setCell(56, 2, 'com.selenium.tests.TestBase')
data.setCell(56, 3, 3);
data.setCell(57, 0, 57)
data.setCell(57, 1, 'testHospsWithRatings')
data.setCell(57, 2, 'com.selenium.tests.TestBase')
data.setCell(57, 3, 3);
data.setCell(58, 0, 58)
data.setCell(58, 1, 'testDisplayTopCities')
data.setCell(58, 2, 'com.selenium.tests.TestBase')
data.setCell(58, 3, 2);
data.setCell(59, 0, 59)
data.setCell(59, 1, 'testDisplayTopCities')
data.setCell(59, 2, 'com.selenium.tests.TestBase')
data.setCell(59, 3, 2);
data.setCell(60, 0, 60)
data.setCell(60, 1, 'testDiagnosticspage')
data.setCell(60, 2, 'com.selenium.tests.TestBase')
data.setCell(60, 3, 2);
data.setCell(61, 0, 61)
data.setCell(61, 1, 'testDisplaySuccessMessage')
data.setCell(61, 2, 'com.selenium.tests.TestBase')
data.setCell(61, 3, 2);
data.setCell(62, 0, 62)
data.setCell(62, 1, 'testDisplayError1')
data.setCell(62, 2, 'com.selenium.tests.TestBase')
data.setCell(62, 3, 2);
data.setCell(63, 0, 63)
data.setCell(63, 1, 'testDisplayError4')
data.setCell(63, 2, 'com.selenium.tests.TestBase')
data.setCell(63, 3, 1);
data.setCell(64, 0, 64)
data.setCell(64, 1, 'testScroll')
data.setCell(64, 2, 'com.selenium.tests.TestBase')
data.setCell(64, 3, 1);
data.setCell(65, 0, 65)
data.setCell(65, 1, 'testFilter')
data.setCell(65, 2, 'com.selenium.tests.TestBase')
data.setCell(65, 3, 1);
data.setCell(66, 0, 66)
data.setCell(66, 1, 'testDisplayError2')
data.setCell(66, 2, 'com.selenium.tests.TestBase')
data.setCell(66, 3, 1);
data.setCell(67, 0, 67)
data.setCell(67, 1, 'testcWellnessPage')
data.setCell(67, 2, 'com.selenium.tests.TestBase')
data.setCell(67, 3, 1);
data.setCell(68, 0, 68)
data.setCell(68, 1, 'testDisplayTopCities')
data.setCell(68, 2, 'com.selenium.tests.TestBase')
data.setCell(68, 3, 1);
window.suiteTableData['TestSuite']= { tableData: data, tableDiv: 'times-div-TestSuite'}
return data;
}
              </script>
              <span class="suite-total-time">Total running time: 3 minutes</span>
              <div id="times-div-TestSuite">
              </div> <!-- times-div-TestSuite -->
            </div> <!-- times-div -->
          </div> <!-- main-panel-content rounded-window-bottom -->
        </div> <!-- panel -->
        <div panel-name="reporter-TestSuite" class="panel">
          <div class="main-panel-header rounded-window-top">
            <span class="header-content">Reporter output for TestSuite</span>
          </div> <!-- main-panel-header rounded-window-top -->
          <div class="main-panel-content rounded-window-bottom">
          </div> <!-- main-panel-content rounded-window-bottom -->
        </div> <!-- panel -->
        <div panel-name="ignored-methods-TestSuite" class="panel">
          <div class="main-panel-header rounded-window-top">
            <span class="header-content">0 ignored methods</span>
          </div> <!-- main-panel-header rounded-window-top -->
          <div class="main-panel-content rounded-window-bottom">
          </div> <!-- main-panel-content rounded-window-bottom -->
        </div> <!-- panel -->
        <div panel-name="chronological-TestSuite" class="panel">
          <div class="main-panel-header rounded-window-top">
            <span class="header-content">Methods in chronological order</span>
          </div> <!-- main-panel-header rounded-window-top -->
          <div class="main-panel-content rounded-window-bottom">
            <div class="chronological-class">
              <div class="chronological-class-name">com.selenium.tests.TestBase</div> <!-- chronological-class-name -->
              <div class="configuration-test before">
                <span class="method-name">startReport(chrome)</span>
                <span class="method-start">0 ms</span>
              </div> <!-- configuration-test before -->
              <div class="configuration-class before">
                <span class="method-name">setUp(chrome)</span>
                <span class="method-start">318 ms</span>
              </div> <!-- configuration-class before -->
              <div class="test-method">
                <span class="method-name">UrlTesting</span>
                <span class="method-start">10915 ms</span>
              </div> <!-- test-method -->
              <div class="configuration-method after">
                <span class="method-name">tearDown([TestResult name=UrlTesting status=SUCCESS method=TestBase.UrlTesting()[pri:0, instance:com.selenium...)</span>
                <span class="method-start">17361 ms</span>
              </div> <!-- configuration-method after -->
              <div class="test-method">
                <span class="method-name">testValidDetails</span>
                <span class="method-start">17606 ms</span>
              </div> <!-- test-method -->
              <div class="configuration-method after">
                <span class="method-name">tearDown([TestResult name=testValidDetails status=SUCCESS method=TestBase.testValidDetails()[pri:1, instance:...)</span>
                <span class="method-start">36971 ms</span>
              </div> <!-- configuration-method after -->
              <div class="test-method">
                <span class="method-name">testCondition</span>
                <span class="method-start">36975 ms</span>
              </div> <!-- test-method -->
              <div class="configuration-method after">
                <span class="method-name">tearDown([TestResult name=testCondition status=SUCCESS method=TestBase.testCondition()[pri:2, instance:com.se...)</span>
                <span class="method-start">41576 ms</span>
              </div> <!-- configuration-method after -->
              <div class="test-method">
                <span class="method-name">testFilterButton</span>
                <span class="method-start">41578 ms</span>
              </div> <!-- test-method -->
              <div class="configuration-method after">
                <span class="method-name">tearDown([TestResult name=testFilterButton status=SUCCESS method=TestBase.testFilterButton()[pri:3, instance:...)</span>
                <span class="method-start">45714 ms</span>
              </div> <!-- configuration-method after -->
              <div class="test-method">
                <span class="method-name">testFilter</span>
                <span class="method-start">45718 ms</span>
              </div> <!-- test-method -->
              <div class="configuration-method after">
                <span class="method-name">tearDown([TestResult name=testFilter status=SUCCESS method=TestBase.testFilter()[pri:4, instance:com.selenium...)</span>
                <span class="method-start">48865 ms</span>
              </div> <!-- configuration-method after -->
              <div class="test-method">
                <span class="method-name">testScroll</span>
                <span class="method-start">48874 ms</span>
              </div> <!-- test-method -->
              <div class="configuration-method after">
                <span class="method-name">tearDown([TestResult name=testScroll status=SUCCESS method=TestBase.testScroll()[pri:5, instance:com.selenium...)</span>
                <span class="method-start">94285 ms</span>
              </div> <!-- configuration-method after -->
              <div class="test-method">
                <span class="method-name">testHospsWithRatings</span>
                <span class="method-start">94287 ms</span>
              </div> <!-- test-method -->
              <div class="configuration-method after">
                <span class="method-name">tearDown([TestResult name=testHospsWithRatings status=SUCCESS method=TestBase.testHospsWithRatings()[pri:6, i...)</span>
                <span class="method-start">105138 ms</span>
              </div> <!-- configuration-method after -->
              <div class="test-method">
                <span class="method-name">testDiagnosticspage</span>
                <span class="method-start">105143 ms</span>
              </div> <!-- test-method -->
              <div class="configuration-method after">
                <span class="method-name">tearDown([TestResult name=testDiagnosticspage status=SUCCESS method=TestBase.testDiagnosticspage()[pri:7, ins...)</span>
                <span class="method-start">134215 ms</span>
              </div> <!-- configuration-method after -->
              <div class="test-method">
                <span class="method-name">testGetTopCities</span>
                <span class="method-start">134218 ms</span>
              </div> <!-- test-method -->
              <div class="configuration-method after">
                <span class="method-name">tearDown([TestResult name=testGetTopCities status=SUCCESS method=TestBase.testGetTopCities()[pri:8, instance:...)</span>
                <span class="method-start">134830 ms</span>
              </div> <!-- configuration-method after -->
              <div class="test-method">
                <span class="method-name">testDisplayTopCities</span>
                <span class="method-start">134831 ms</span>
              </div> <!-- test-method -->
              <div class="configuration-method after">
                <span class="method-name">tearDown([TestResult name=testDisplayTopCities status=SUCCESS method=TestBase.testDisplayTopCities()[pri:9, i...)</span>
                <span class="method-start">134834 ms</span>
              </div> <!-- configuration-method after -->
              <div class="test-method">
                <span class="method-name">testcWellnessPage</span>
                <span class="method-start">134835 ms</span>
              </div> <!-- test-method -->
              <div class="configuration-method after">
                <span class="method-name">tearDown([TestResult name=testcWellnessPage status=SUCCESS method=TestBase.testcWellnessPage()[pri:10, instan...)</span>
                <span class="method-start">158683 ms</span>
              </div> <!-- configuration-method after -->
              <div class="test-method">
                <span class="method-name">invalidDetails1</span>
                <span class="method-start">158685 ms</span>
              </div> <!-- test-method -->
              <div class="configuration-method after">
                <span class="method-name">tearDown([TestResult name=invalidDetails1 status=SUCCESS method=TestBase.invalidDetails1()[pri:11, instance:c...)</span>
                <span class="method-start">158813 ms</span>
              </div> <!-- configuration-method after -->
              <div class="test-method">
                <span class="method-name">testDisplayError1</span>
                <span class="method-start">158820 ms</span>
              </div> <!-- test-method -->
              <div class="configuration-method after">
                <span class="method-name">tearDown([TestResult name=testDisplayError1 status=SUCCESS method=TestBase.testDisplayError1()[pri:12, instan...)</span>
                <span class="method-start">159040 ms</span>
              </div> <!-- configuration-method after -->
              <div class="test-method">
                <span class="method-name">invalidDetails2</span>
                <span class="method-start">159043 ms</span>
              </div> <!-- test-method -->
              <div class="configuration-method after">
                <span class="method-name">tearDown([TestResult name=invalidDetails2 status=SUCCESS method=TestBase.invalidDetails2()[pri:13, instance:c...)</span>
                <span class="method-start">159516 ms</span>
              </div> <!-- configuration-method after -->
              <div class="test-method">
                <span class="method-name">testDisplayError2</span>
                <span class="method-start">159517 ms</span>
              </div> <!-- test-method -->
              <div class="configuration-method after">
                <span class="method-name">tearDown([TestResult name=testDisplayError2 status=SUCCESS method=TestBase.testDisplayError2()[pri:14, instan...)</span>
                <span class="method-start">159584 ms</span>
              </div> <!-- configuration-method after -->
              <div class="test-method">
                <span class="method-name">invalidDetails3</span>
                <span class="method-start">159589 ms</span>
              </div> <!-- test-method -->
              <div class="configuration-method after">
                <span class="method-name">tearDown([TestResult name=invalidDetails3 status=SUCCESS method=TestBase.invalidDetails3()[pri:15, instance:c...)</span>
                <span class="method-start">160056 ms</span>
              </div> <!-- configuration-method after -->
              <div class="test-method">
                <span class="method-name">testDisplayError3</span>
                <span class="method-start">160058 ms</span>
              </div> <!-- test-method -->
              <div class="configuration-method after">
                <span class="method-name">tearDown([TestResult name=testDisplayError3 status=SUCCESS method=TestBase.testDisplayError3()[pri:16, instan...)</span>
                <span class="method-start">160134 ms</span>
              </div> <!-- configuration-method after -->
              <div class="test-method">
                <span class="method-name">invalidDetails4</span>
                <span class="method-start">160137 ms</span>
              </div> <!-- test-method -->
              <div class="configuration-method after">
                <span class="method-name">tearDown([TestResult name=invalidDetails4 status=SUCCESS method=TestBase.invalidDetails4()[pri:17, instance:c...)</span>
                <span class="method-start">160824 ms</span>
              </div> <!-- configuration-method after -->
              <div class="test-method">
                <span class="method-name">testDisplayError4</span>
                <span class="method-start">160826 ms</span>
              </div> <!-- test-method -->
              <div class="configuration-method after">
                <span class="method-name">tearDown([TestResult name=testDisplayError4 status=SUCCESS method=TestBase.testDisplayError4()[pri:18, instan...)</span>
                <span class="method-start">160900 ms</span>
              </div> <!-- configuration-method after -->
              <div class="test-method">
                <span class="method-name">validDetailsCorporateWellness</span>
                <span class="method-start">160902 ms</span>
              </div> <!-- test-method -->
              <div class="configuration-method after">
                <span class="method-name">tearDown([TestResult name=validDetailsCorporateWellness status=SUCCESS method=TestBase.validDetailsCorporateW...)</span>
                <span class="method-start">161702 ms</span>
              </div> <!-- configuration-method after -->
              <div class="test-method">
                <span class="method-name">testDisplaySuccessMessage</span>
                <span class="method-start">161703 ms</span>
              </div> <!-- test-method -->
              <div class="configuration-method after">
                <span class="method-name">tearDown([TestResult name=testDisplaySuccessMessage status=SUCCESS method=TestBase.testDisplaySuccessMessage(...)</span>
                <span class="method-start">162795 ms</span>
              </div> <!-- configuration-method after -->
              <div class="test-method">
                <span class="method-name">inValidName</span>
                <span class="method-start">162797 ms</span>
              </div> <!-- test-method -->
              <div class="configuration-method after">
                <span class="method-name">tearDown([TestResult name=inValidName status=SUCCESS method=TestBase.inValidName()[pri:21, instance:com.selen...)</span>
                <span class="method-start">163630 ms</span>
              </div> <!-- configuration-method after -->
              <div class="test-method">
                <img src="failed.png">
                </img>
                <span class="method-name">displayErrorInvalidName</span>
                <span class="method-start">163632 ms</span>
              </div> <!-- test-method -->
              <div class="configuration-method after">
                <span class="method-name">tearDown([TestResult name=displayErrorInvalidName status=FAILURE method=TestBase.displayErrorInvalidName()[pr...)</span>
                <span class="method-start">164720 ms</span>
              </div> <!-- configuration-method after -->
              <div class="configuration-class after">
                <span class="method-name">closeBrowser</span>
                <span class="method-start">164723 ms</span>
              </div> <!-- configuration-class after -->
              <div class="configuration-test after">
                <span class="method-name">tearDown</span>
                <span class="method-start">166035 ms</span>
              </div> <!-- configuration-test after -->
              <div class="configuration-test before">
                <span class="method-name">startReport(edge)</span>
                <span class="method-start">167376 ms</span>
              </div> <!-- configuration-test before -->
              <div class="configuration-class before">
                <span class="method-name">setUp(edge)</span>
                <span class="method-start">167380 ms</span>
              </div> <!-- configuration-class before -->
              <div class="test-method">
                <img src="failed.png">
                </img>
                <span class="method-name">UrlTesting</span>
                <span class="method-start">182964 ms</span>
              </div> <!-- test-method -->
              <div class="configuration-method after">
                <span class="method-name">tearDown([TestResult name=UrlTesting status=FAILURE method=TestBase.UrlTesting()[pri:0, instance:com.selenium...)</span>
                <span class="method-start">182972 ms</span>
              </div> <!-- configuration-method after -->
              <div class="test-method">
                <img src="failed.png">
                </img>
                <span class="method-name">testValidDetails</span>
                <span class="method-start">182975 ms</span>
              </div> <!-- test-method -->
              <div class="configuration-method after">
                <span class="method-name">tearDown([TestResult name=testValidDetails status=FAILURE method=TestBase.testValidDetails()[pri:1, instance:...)</span>
                <span class="method-start">183068 ms</span>
              </div> <!-- configuration-method after -->
              <div class="test-method">
                <img src="failed.png">
                </img>
                <span class="method-name">testCondition</span>
                <span class="method-start">183077 ms</span>
              </div> <!-- test-method -->
              <div class="configuration-method after">
                <span class="method-name">tearDown([TestResult name=testCondition status=FAILURE method=TestBase.testCondition()[pri:2, instance:com.se...)</span>
                <span class="method-start">183087 ms</span>
              </div> <!-- configuration-method after -->
              <div class="test-method">
                <img src="failed.png">
                </img>
                <span class="method-name">testFilterButton</span>
                <span class="method-start">183093 ms</span>
              </div> <!-- test-method -->
              <div class="configuration-method after">
                <span class="method-name">tearDown([TestResult name=testFilterButton status=FAILURE method=TestBase.testFilterButton()[pri:3, instance:...)</span>
                <span class="method-start">183099 ms</span>
              </div> <!-- configuration-method after -->
              <div class="test-method">
                <img src="failed.png">
                </img>
                <span class="method-name">testFilter</span>
                <span class="method-start">183107 ms</span>
              </div> <!-- test-method -->
              <div class="configuration-method after">
                <span class="method-name">tearDown([TestResult name=testFilter status=FAILURE method=TestBase.testFilter()[pri:4, instance:com.selenium...)</span>
                <span class="method-start">183127 ms</span>
              </div> <!-- configuration-method after -->
              <div class="test-method">
                <img src="failed.png">
                </img>
                <span class="method-name">testScroll</span>
                <span class="method-start">183134 ms</span>
              </div> <!-- test-method -->
              <div class="configuration-method after">
                <span class="method-name">tearDown([TestResult name=testScroll status=FAILURE method=TestBase.testScroll()[pri:5, instance:com.selenium...)</span>
                <span class="method-start">183141 ms</span>
              </div> <!-- configuration-method after -->
              <div class="test-method">
                <img src="failed.png">
                </img>
                <span class="method-name">testHospsWithRatings</span>
                <span class="method-start">183144 ms</span>
              </div> <!-- test-method -->
              <div class="configuration-method after">
                <span class="method-name">tearDown([TestResult name=testHospsWithRatings status=FAILURE method=TestBase.testHospsWithRatings()[pri:6, i...)</span>
                <span class="method-start">183152 ms</span>
              </div> <!-- configuration-method after -->
              <div class="test-method">
                <img src="failed.png">
                </img>
                <span class="method-name">testDiagnosticspage</span>
                <span class="method-start">183156 ms</span>
              </div> <!-- test-method -->
              <div class="configuration-method after">
                <span class="method-name">tearDown([TestResult name=testDiagnosticspage status=FAILURE method=TestBase.testDiagnosticspage()[pri:7, ins...)</span>
                <span class="method-start">183165 ms</span>
              </div> <!-- configuration-method after -->
              <div class="test-method">
                <img src="failed.png">
                </img>
                <span class="method-name">testGetTopCities</span>
                <span class="method-start">183171 ms</span>
              </div> <!-- test-method -->
              <div class="configuration-method after">
                <span class="method-name">tearDown([TestResult name=testGetTopCities status=FAILURE method=TestBase.testGetTopCities()[pri:8, instance:...)</span>
                <span class="method-start">183187 ms</span>
              </div> <!-- configuration-method after -->
              <div class="test-method">
                <span class="method-name">testDisplayTopCities</span>
                <span class="method-start">183193 ms</span>
              </div> <!-- test-method -->
              <div class="configuration-method after">
                <span class="method-name">tearDown([TestResult name=testDisplayTopCities status=SUCCESS method=TestBase.testDisplayTopCities()[pri:9, i...)</span>
                <span class="method-start">183196 ms</span>
              </div> <!-- configuration-method after -->
              <div class="test-method">
                <img src="failed.png">
                </img>
                <span class="method-name">testcWellnessPage</span>
                <span class="method-start">183198 ms</span>
              </div> <!-- test-method -->
              <div class="configuration-method after">
                <span class="method-name">tearDown([TestResult name=testcWellnessPage status=FAILURE method=TestBase.testcWellnessPage()[pri:10, instan...)</span>
                <span class="method-start">183203 ms</span>
              </div> <!-- configuration-method after -->
              <div class="test-method">
                <span class="method-name">invalidDetails1</span>
                <span class="method-start">183207 ms</span>
              </div> <!-- test-method -->
              <div class="configuration-method after">
                <span class="method-name">tearDown([TestResult name=invalidDetails1 status=SUCCESS method=TestBase.invalidDetails1()[pri:11, instance:c...)</span>
                <span class="method-start">183258 ms</span>
              </div> <!-- configuration-method after -->
              <div class="test-method">
                <img src="failed.png">
                </img>
                <span class="method-name">testDisplayError1</span>
                <span class="method-start">183261 ms</span>
              </div> <!-- test-method -->
              <div class="configuration-method after">
                <span class="method-name">tearDown([TestResult name=testDisplayError1 status=FAILURE method=TestBase.testDisplayError1()[pri:12, instan...)</span>
                <span class="method-start">183274 ms</span>
              </div> <!-- configuration-method after -->
              <div class="test-method">
                <img src="failed.png">
                </img>
                <span class="method-name">invalidDetails2</span>
                <span class="method-start">183277 ms</span>
              </div> <!-- test-method -->
              <div class="configuration-method after">
                <span class="method-name">tearDown([TestResult name=invalidDetails2 status=FAILURE method=TestBase.invalidDetails2()[pri:13, instance:c...)</span>
                <span class="method-start">183322 ms</span>
              </div> <!-- configuration-method after -->
              <div class="test-method">
                <img src="failed.png">
                </img>
                <span class="method-name">testDisplayError2</span>
                <span class="method-start">183324 ms</span>
              </div> <!-- test-method -->
              <div class="configuration-method after">
                <span class="method-name">tearDown([TestResult name=testDisplayError2 status=FAILURE method=TestBase.testDisplayError2()[pri:14, instan...)</span>
                <span class="method-start">183327 ms</span>
              </div> <!-- configuration-method after -->
              <div class="test-method">
                <img src="failed.png">
                </img>
                <span class="method-name">invalidDetails3</span>
                <span class="method-start">183340 ms</span>
              </div> <!-- test-method -->
              <div class="configuration-method after">
                <span class="method-name">tearDown([TestResult name=invalidDetails3 status=FAILURE method=TestBase.invalidDetails3()[pri:15, instance:c...)</span>
                <span class="method-start">183387 ms</span>
              </div> <!-- configuration-method after -->
              <div class="test-method">
                <img src="failed.png">
                </img>
                <span class="method-name">testDisplayError3</span>
                <span class="method-start">183389 ms</span>
              </div> <!-- test-method -->
              <div class="configuration-method after">
                <span class="method-name">tearDown([TestResult name=testDisplayError3 status=FAILURE method=TestBase.testDisplayError3()[pri:16, instan...)</span>
                <span class="method-start">183397 ms</span>
              </div> <!-- configuration-method after -->
              <div class="test-method">
                <img src="failed.png">
                </img>
                <span class="method-name">invalidDetails4</span>
                <span class="method-start">183400 ms</span>
              </div> <!-- test-method -->
              <div class="configuration-method after">
                <span class="method-name">tearDown([TestResult name=invalidDetails4 status=FAILURE method=TestBase.invalidDetails4()[pri:17, instance:c...)</span>
                <span class="method-start">183452 ms</span>
              </div> <!-- configuration-method after -->
              <div class="test-method">
                <img src="failed.png">
                </img>
                <span class="method-name">testDisplayError4</span>
                <span class="method-start">183457 ms</span>
              </div> <!-- test-method -->
              <div class="configuration-method after">
                <span class="method-name">tearDown([TestResult name=testDisplayError4 status=FAILURE method=TestBase.testDisplayError4()[pri:18, instan...)</span>
                <span class="method-start">183460 ms</span>
              </div> <!-- configuration-method after -->
              <div class="test-method">
                <img src="failed.png">
                </img>
                <span class="method-name">validDetailsCorporateWellness</span>
                <span class="method-start">183467 ms</span>
              </div> <!-- test-method -->
              <div class="configuration-method after">
                <span class="method-name">tearDown([TestResult name=validDetailsCorporateWellness status=FAILURE method=TestBase.validDetailsCorporateW...)</span>
                <span class="method-start">183515 ms</span>
              </div> <!-- configuration-method after -->
              <div class="test-method">
                <img src="failed.png">
                </img>
                <span class="method-name">testDisplaySuccessMessage</span>
                <span class="method-start">183517 ms</span>
              </div> <!-- test-method -->
              <div class="configuration-method after">
                <span class="method-name">tearDown([TestResult name=testDisplaySuccessMessage status=FAILURE method=TestBase.testDisplaySuccessMessage(...)</span>
                <span class="method-start">183526 ms</span>
              </div> <!-- configuration-method after -->
              <div class="test-method">
                <img src="failed.png">
                </img>
                <span class="method-name">inValidName</span>
                <span class="method-start">183528 ms</span>
              </div> <!-- test-method -->
              <div class="configuration-method after">
                <span class="method-name">tearDown([TestResult name=inValidName status=FAILURE method=TestBase.inValidName()[pri:21, instance:com.selen...)</span>
                <span class="method-start">183568 ms</span>
              </div> <!-- configuration-method after -->
              <div class="test-method">
                <img src="failed.png">
                </img>
                <span class="method-name">displayErrorInvalidName</span>
                <span class="method-start">183573 ms</span>
              </div> <!-- test-method -->
              <div class="configuration-method after">
                <span class="method-name">tearDown([TestResult name=displayErrorInvalidName status=FAILURE method=TestBase.displayErrorInvalidName()[pr...)</span>
                <span class="method-start">183583 ms</span>
              </div> <!-- configuration-method after -->
              <div class="configuration-class after">
                <span class="method-name">closeBrowser</span>
                <span class="method-start">183589 ms</span>
              </div> <!-- configuration-class after -->
              <div class="configuration-test after">
                <span class="method-name">tearDown</span>
                <span class="method-start">183590 ms</span>
              </div> <!-- configuration-test after -->
              <div class="configuration-test before">
                <span class="method-name">startReport(firefox)</span>
                <span class="method-start">183813 ms</span>
              </div> <!-- configuration-test before -->
              <div class="configuration-class before">
                <span class="method-name">setUp(firefox)</span>
                <span class="method-start">183817 ms</span>
              </div> <!-- configuration-class before -->
              <div class="test-method">
                <span class="method-name">UrlTesting</span>
                <span class="method-start">209941 ms</span>
              </div> <!-- test-method -->
              <div class="configuration-method after">
                <span class="method-name">tearDown([TestResult name=UrlTesting status=SUCCESS method=TestBase.UrlTesting()[pri:0, instance:com.selenium...)</span>
                <span class="method-start">225045 ms</span>
              </div> <!-- configuration-method after -->
              <div class="test-method">
                <span class="method-name">testValidDetails</span>
                <span class="method-start">225047 ms</span>
              </div> <!-- test-method -->
              <div class="configuration-method after">
                <span class="method-name">tearDown([TestResult name=testValidDetails status=SUCCESS method=TestBase.testValidDetails()[pri:1, instance:...)</span>
                <span class="method-start">256565 ms</span>
              </div> <!-- configuration-method after -->
              <div class="test-method">
                <span class="method-name">testCondition</span>
                <span class="method-start">256567 ms</span>
              </div> <!-- test-method -->
              <div class="configuration-method after">
                <span class="method-name">tearDown([TestResult name=testCondition status=SUCCESS method=TestBase.testCondition()[pri:2, instance:com.se...)</span>
                <span class="method-start">260111 ms</span>
              </div> <!-- configuration-method after -->
              <div class="test-method">
                <span class="method-name">testFilterButton</span>
                <span class="method-start">260113 ms</span>
              </div> <!-- test-method -->
              <div class="configuration-method after">
                <span class="method-name">tearDown([TestResult name=testFilterButton status=SUCCESS method=TestBase.testFilterButton()[pri:3, instance:...)</span>
                <span class="method-start">264026 ms</span>
              </div> <!-- configuration-method after -->
              <div class="test-method">
                <span class="method-name">testFilter</span>
                <span class="method-start">264030 ms</span>
              </div> <!-- test-method -->
              <div class="configuration-method after">
                <span class="method-name">tearDown([TestResult name=testFilter status=SUCCESS method=TestBase.testFilter()[pri:4, instance:com.selenium...)</span>
                <span class="method-start">267396 ms</span>
              </div> <!-- configuration-method after -->
              <div class="test-method">
                <span class="method-name">testScroll</span>
                <span class="method-start">267398 ms</span>
              </div> <!-- test-method -->
              <div class="configuration-method after">
                <span class="method-name">tearDown([TestResult name=testScroll status=SUCCESS method=TestBase.testScroll()[pri:5, instance:com.selenium...)</span>
                <span class="method-start">310112 ms</span>
              </div> <!-- configuration-method after -->
              <div class="test-method">
                <span class="method-name">testHospsWithRatings</span>
                <span class="method-start">310114 ms</span>
              </div> <!-- test-method -->
              <div class="configuration-method after">
                <span class="method-name">tearDown([TestResult name=testHospsWithRatings status=SUCCESS method=TestBase.testHospsWithRatings()[pri:6, i...)</span>
                <span class="method-start">317288 ms</span>
              </div> <!-- configuration-method after -->
              <div class="test-method">
                <span class="method-name">testDiagnosticspage</span>
                <span class="method-start">317290 ms</span>
              </div> <!-- test-method -->
              <div class="configuration-method after">
                <span class="method-name">tearDown([TestResult name=testDiagnosticspage status=SUCCESS method=TestBase.testDiagnosticspage()[pri:7, ins...)</span>
                <span class="method-start">350844 ms</span>
              </div> <!-- configuration-method after -->
              <div class="test-method">
                <span class="method-name">testGetTopCities</span>
                <span class="method-start">350845 ms</span>
              </div> <!-- test-method -->
              <div class="configuration-method after">
                <span class="method-name">tearDown([TestResult name=testGetTopCities status=SUCCESS method=TestBase.testGetTopCities()[pri:8, instance:...)</span>
                <span class="method-start">351307 ms</span>
              </div> <!-- configuration-method after -->
              <div class="test-method">
                <span class="method-name">testDisplayTopCities</span>
                <span class="method-start">351309 ms</span>
              </div> <!-- test-method -->
              <div class="configuration-method after">
                <span class="method-name">tearDown([TestResult name=testDisplayTopCities status=SUCCESS method=TestBase.testDisplayTopCities()[pri:9, i...)</span>
                <span class="method-start">351311 ms</span>
              </div> <!-- configuration-method after -->
              <div class="test-method">
                <span class="method-name">testcWellnessPage</span>
                <span class="method-start">351312 ms</span>
              </div> <!-- test-method -->
              <div class="configuration-method after">
                <span class="method-name">tearDown([TestResult name=testcWellnessPage status=SUCCESS method=TestBase.testcWellnessPage()[pri:10, instan...)</span>
                <span class="method-start">411508 ms</span>
              </div> <!-- configuration-method after -->
              <div class="test-method">
                <span class="method-name">invalidDetails1</span>
                <span class="method-start">411510 ms</span>
              </div> <!-- test-method -->
              <div class="configuration-method after">
                <span class="method-name">tearDown([TestResult name=invalidDetails1 status=SUCCESS method=TestBase.invalidDetails1()[pri:11, instance:c...)</span>
                <span class="method-start">411573 ms</span>
              </div> <!-- configuration-method after -->
              <div class="test-method">
                <span class="method-name">testDisplayError1</span>
                <span class="method-start">411575 ms</span>
              </div> <!-- test-method -->
              <div class="configuration-method after">
                <span class="method-name">tearDown([TestResult name=testDisplayError1 status=SUCCESS method=TestBase.testDisplayError1()[pri:12, instan...)</span>
                <span class="method-start">412123 ms</span>
              </div> <!-- configuration-method after -->
              <div class="test-method">
                <span class="method-name">invalidDetails2</span>
                <span class="method-start">412126 ms</span>
              </div> <!-- test-method -->
              <div class="configuration-method after">
                <span class="method-name">tearDown([TestResult name=invalidDetails2 status=SUCCESS method=TestBase.invalidDetails2()[pri:13, instance:c...)</span>
                <span class="method-start">412318 ms</span>
              </div> <!-- configuration-method after -->
              <div class="test-method">
                <span class="method-name">testDisplayError2</span>
                <span class="method-start">412323 ms</span>
              </div> <!-- test-method -->
              <div class="configuration-method after">
                <span class="method-name">tearDown([TestResult name=testDisplayError2 status=SUCCESS method=TestBase.testDisplayError2()[pri:14, instan...)</span>
                <span class="method-start">412438 ms</span>
              </div> <!-- configuration-method after -->
              <div class="test-method">
                <span class="method-name">invalidDetails3</span>
                <span class="method-start">412441 ms</span>
              </div> <!-- test-method -->
              <div class="configuration-method after">
                <span class="method-name">tearDown([TestResult name=invalidDetails3 status=SUCCESS method=TestBase.invalidDetails3()[pri:15, instance:c...)</span>
                <span class="method-start">412672 ms</span>
              </div> <!-- configuration-method after -->
              <div class="test-method">
                <span class="method-name">testDisplayError3</span>
                <span class="method-start">412674 ms</span>
              </div> <!-- test-method -->
              <div class="configuration-method after">
                <span class="method-name">tearDown([TestResult name=testDisplayError3 status=SUCCESS method=TestBase.testDisplayError3()[pri:16, instan...)</span>
                <span class="method-start">412737 ms</span>
              </div> <!-- configuration-method after -->
              <div class="test-method">
                <span class="method-name">invalidDetails4</span>
                <span class="method-start">412738 ms</span>
              </div> <!-- test-method -->
              <div class="configuration-method after">
                <span class="method-name">tearDown([TestResult name=invalidDetails4 status=SUCCESS method=TestBase.invalidDetails4()[pri:17, instance:c...)</span>
                <span class="method-start">413010 ms</span>
              </div> <!-- configuration-method after -->
              <div class="test-method">
                <span class="method-name">testDisplayError4</span>
                <span class="method-start">413012 ms</span>
              </div> <!-- test-method -->
              <div class="configuration-method after">
                <span class="method-name">tearDown([TestResult name=testDisplayError4 status=SUCCESS method=TestBase.testDisplayError4()[pri:18, instan...)</span>
                <span class="method-start">413083 ms</span>
              </div> <!-- configuration-method after -->
              <div class="test-method">
                <span class="method-name">validDetailsCorporateWellness</span>
                <span class="method-start">413084 ms</span>
              </div> <!-- test-method -->
              <div class="configuration-method after">
                <span class="method-name">tearDown([TestResult name=validDetailsCorporateWellness status=SUCCESS method=TestBase.validDetailsCorporateW...)</span>
                <span class="method-start">413377 ms</span>
              </div> <!-- configuration-method after -->
              <div class="test-method">
                <span class="method-name">testDisplaySuccessMessage</span>
                <span class="method-start">413380 ms</span>
              </div> <!-- test-method -->
              <div class="configuration-method after">
                <span class="method-name">tearDown([TestResult name=testDisplaySuccessMessage status=SUCCESS method=TestBase.testDisplaySuccessMessage(...)</span>
                <span class="method-start">414549 ms</span>
              </div> <!-- configuration-method after -->
              <div class="test-method">
                <span class="method-name">inValidName</span>
                <span class="method-start">414551 ms</span>
              </div> <!-- test-method -->
              <div class="configuration-method after">
                <span class="method-name">tearDown([TestResult name=inValidName status=SUCCESS method=TestBase.inValidName()[pri:21, instance:com.selen...)</span>
                <span class="method-start">414925 ms</span>
              </div> <!-- configuration-method after -->
              <div class="test-method">
                <img src="failed.png">
                </img>
                <span class="method-name">displayErrorInvalidName</span>
                <span class="method-start">414927 ms</span>
              </div> <!-- test-method -->
              <div class="configuration-method after">
                <span class="method-name">tearDown([TestResult name=displayErrorInvalidName status=FAILURE method=TestBase.displayErrorInvalidName()[pr...)</span>
                <span class="method-start">416191 ms</span>
              </div> <!-- configuration-method after -->
              <div class="configuration-class after">
                <span class="method-name">closeBrowser</span>
                <span class="method-start">416192 ms</span>
              </div> <!-- configuration-class after -->
              <div class="configuration-test after">
                <span class="method-name">tearDown</span>
                <span class="method-start">420406 ms</span>
              </div> <!-- configuration-test after -->
          </div> <!-- main-panel-content rounded-window-bottom -->
        </div> <!-- panel -->
      </div> <!-- main-panel-root -->
    </div> <!-- wrapper -->
  </body>
<script type="text/javascript" src="testng-reports2.js"></script>
</html>
